<?xml version="1.0" encoding="utf-8" standalone="no"?>
<testsuites xmlns:xsi="http://www.w3.org/2001/XMLSchema-instance" xsi:noNamespaceSchemaLocation="junit_schema_4.xsd" name="Pester" tests="646" errors="0" failures="51" disabled="0" time="7.400">
  <testsuite name="/home/james/repos/db-lab/.pwsh/pester/repo.tests.ps1" tests="646" errors="0" failures="51" hostname="lt16" id="0" skipped="0" disabled="0" package="/home/james/repos/db-lab/.pwsh/pester/repo.tests.ps1" time="7.400">
    <properties>
      <property name="clr-version" value="9.0.4" />
      <property name="platform" value="Linux" />
      <property name="cwd" value="/home/james/repos/db-lab/docker/compose/wud" />
      <property name="machine-name" value="lt16" />
      <property name="user-domain" value="" />
      <property name="junit-version" value="4" />
      <property name="user" value="james" />
      <property name="framework-version" value="5.7.1" />
      <property name="os-version" value="6.12.36" />
    </properties>
    <testcase name="Docker.cockroach.contains docker-compose.yml" status="Passed" classname="/home/james/repos/db-lab/.pwsh/pester/repo.tests.ps1" assertions="0" time="0.144" />
    <testcase name="Docker.cockroach.doesn't contain a dockerfile" status="Passed" classname="/home/james/repos/db-lab/.pwsh/pester/repo.tests.ps1" assertions="0" time="0.009" />
    <testcase name="Docker.cockroach.contains info.json" status="Passed" classname="/home/james/repos/db-lab/.pwsh/pester/repo.tests.ps1" assertions="0" time="0.006" />
    <testcase name="Docker.cockroach.should have a title" status="Passed" classname="/home/james/repos/db-lab/.pwsh/pester/repo.tests.ps1" assertions="0" time="0.025" />
    <testcase name="Docker.cockroach.should have a description" status="Passed" classname="/home/james/repos/db-lab/.pwsh/pester/repo.tests.ps1" assertions="0" time="0.008" />
    <testcase name="Docker.cockroach.should have a type" status="Passed" classname="/home/james/repos/db-lab/.pwsh/pester/repo.tests.ps1" assertions="0" time="0.006" />
    <testcase name="Docker.cockroach.should have a valid type" status="Passed" classname="/home/james/repos/db-lab/.pwsh/pester/repo.tests.ps1" assertions="0" time="0.009" />
    <testcase name="Docker.cockroach.should have a homepage" status="Passed" classname="/home/james/repos/db-lab/.pwsh/pester/repo.tests.ps1" assertions="0" time="0.009" />
    <testcase name="Docker.cockroach.should have a registry" status="Passed" classname="/home/james/repos/db-lab/.pwsh/pester/repo.tests.ps1" assertions="0" time="0.010" />
    <testcase name="Docker.cockroach.should have a repository" status="Passed" classname="/home/james/repos/db-lab/.pwsh/pester/repo.tests.ps1" assertions="0" time="0.014" />
    <testcase name="Docker.cockroach.should have a dbdb link" status="Passed" classname="/home/james/repos/db-lab/.pwsh/pester/repo.tests.ps1" assertions="0" time="0.009" />
    <testcase name="Docker.cockroach.should have a tests folder" status="Failed" classname="/home/james/repos/db-lab/.pwsh/pester/repo.tests.ps1" assertions="0" time="0.077">
      <failure message="Expected path 'tests' to exist, but it did not exist.">at "tests" | Should -Exist, /home/james/repos/db-lab/.pwsh/pester/repo.tests.ps1:81
at &lt;ScriptBlock&gt;, /home/james/repos/db-lab/.pwsh/pester/repo.tests.ps1:81</failure>
    </testcase>
    <testcase name="Docker.cockroach.should have a go test" status="Failed" classname="/home/james/repos/db-lab/.pwsh/pester/repo.tests.ps1" assertions="0" time="0.037">
      <failure message="Expected path 'tests/go' to exist, but it did not exist.">at "tests/go" | Should -Exist, /home/james/repos/db-lab/.pwsh/pester/repo.tests.ps1:87
at &lt;ScriptBlock&gt;, /home/james/repos/db-lab/.pwsh/pester/repo.tests.ps1:87</failure>
    </testcase>
    <testcase name="Docker.cockroach.should have a powershell test" status="Failed" classname="/home/james/repos/db-lab/.pwsh/pester/repo.tests.ps1" assertions="0" time="0.023">
      <failure message="Expected path 'tests/powershell' to exist, but it did not exist.">at "tests/powershell" | Should -Exist, /home/james/repos/db-lab/.pwsh/pester/repo.tests.ps1:93
at &lt;ScriptBlock&gt;, /home/james/repos/db-lab/.pwsh/pester/repo.tests.ps1:93</failure>
    </testcase>
    <testcase name="Docker.cockroach.should have a python test" status="Failed" classname="/home/james/repos/db-lab/.pwsh/pester/repo.tests.ps1" assertions="0" time="0.027">
      <failure message="Expected path 'tests/python' to exist, but it did not exist.">at "tests/python" | Should -Exist, /home/james/repos/db-lab/.pwsh/pester/repo.tests.ps1:99
at &lt;ScriptBlock&gt;, /home/james/repos/db-lab/.pwsh/pester/repo.tests.ps1:99</failure>
    </testcase>
    <testcase name="Docker.cockroach.should have a backup script" status="Failed" classname="/home/james/repos/db-lab/.pwsh/pester/repo.tests.ps1" assertions="0" time="0.023">
      <failure message="Expected path 'backup.sh' to exist, but it did not exist.">at "backup.sh" | Should -Exist, /home/james/repos/db-lab/.pwsh/pester/repo.tests.ps1:105
at &lt;ScriptBlock&gt;, /home/james/repos/db-lab/.pwsh/pester/repo.tests.ps1:105</failure>
    </testcase>
    <testcase name="Docker.cockroach.should not have a sample script" status="Passed" classname="/home/james/repos/db-lab/.pwsh/pester/repo.tests.ps1" assertions="0" time="0.012" />
    <testcase name="Docker.cockroach-cluster.contains docker-compose.yml" status="Passed" classname="/home/james/repos/db-lab/.pwsh/pester/repo.tests.ps1" assertions="0" time="0.007" />
    <testcase name="Docker.cockroach-cluster.doesn't contain a dockerfile" status="Passed" classname="/home/james/repos/db-lab/.pwsh/pester/repo.tests.ps1" assertions="0" time="0.006" />
    <testcase name="Docker.cockroach-cluster.contains info.json" status="Passed" classname="/home/james/repos/db-lab/.pwsh/pester/repo.tests.ps1" assertions="0" time="0.006" />
    <testcase name="Docker.cockroach-cluster.should have a title" status="Passed" classname="/home/james/repos/db-lab/.pwsh/pester/repo.tests.ps1" assertions="0" time="0.005" />
    <testcase name="Docker.cockroach-cluster.should have a description" status="Passed" classname="/home/james/repos/db-lab/.pwsh/pester/repo.tests.ps1" assertions="0" time="0.005" />
    <testcase name="Docker.cockroach-cluster.should have a type" status="Passed" classname="/home/james/repos/db-lab/.pwsh/pester/repo.tests.ps1" assertions="0" time="0.008" />
    <testcase name="Docker.cockroach-cluster.should have a valid type" status="Passed" classname="/home/james/repos/db-lab/.pwsh/pester/repo.tests.ps1" assertions="0" time="0.005" />
    <testcase name="Docker.cockroach-cluster.should have a homepage" status="Passed" classname="/home/james/repos/db-lab/.pwsh/pester/repo.tests.ps1" assertions="0" time="0.005" />
    <testcase name="Docker.cockroach-cluster.should have a registry" status="Passed" classname="/home/james/repos/db-lab/.pwsh/pester/repo.tests.ps1" assertions="0" time="0.005" />
    <testcase name="Docker.cockroach-cluster.should have a repository" status="Passed" classname="/home/james/repos/db-lab/.pwsh/pester/repo.tests.ps1" assertions="0" time="0.007" />
    <testcase name="Docker.cockroach-cluster.should have a dbdb link" status="Passed" classname="/home/james/repos/db-lab/.pwsh/pester/repo.tests.ps1" assertions="0" time="0.008" />
    <testcase name="Docker.cockroach-cluster.should have a tests folder" status="Failed" classname="/home/james/repos/db-lab/.pwsh/pester/repo.tests.ps1" assertions="0" time="0.023">
      <failure message="Expected path 'tests' to exist, but it did not exist.">at "tests" | Should -Exist, /home/james/repos/db-lab/.pwsh/pester/repo.tests.ps1:81
at &lt;ScriptBlock&gt;, /home/james/repos/db-lab/.pwsh/pester/repo.tests.ps1:81</failure>
    </testcase>
    <testcase name="Docker.cockroach-cluster.should have a go test" status="Failed" classname="/home/james/repos/db-lab/.pwsh/pester/repo.tests.ps1" assertions="0" time="0.025">
      <failure message="Expected path 'tests/go' to exist, but it did not exist.">at "tests/go" | Should -Exist, /home/james/repos/db-lab/.pwsh/pester/repo.tests.ps1:87
at &lt;ScriptBlock&gt;, /home/james/repos/db-lab/.pwsh/pester/repo.tests.ps1:87</failure>
    </testcase>
    <testcase name="Docker.cockroach-cluster.should have a powershell test" status="Failed" classname="/home/james/repos/db-lab/.pwsh/pester/repo.tests.ps1" assertions="0" time="0.024">
      <failure message="Expected path 'tests/powershell' to exist, but it did not exist.">at "tests/powershell" | Should -Exist, /home/james/repos/db-lab/.pwsh/pester/repo.tests.ps1:93
at &lt;ScriptBlock&gt;, /home/james/repos/db-lab/.pwsh/pester/repo.tests.ps1:93</failure>
    </testcase>
    <testcase name="Docker.cockroach-cluster.should have a python test" status="Failed" classname="/home/james/repos/db-lab/.pwsh/pester/repo.tests.ps1" assertions="0" time="0.027">
      <failure message="Expected path 'tests/python' to exist, but it did not exist.">at "tests/python" | Should -Exist, /home/james/repos/db-lab/.pwsh/pester/repo.tests.ps1:99
at &lt;ScriptBlock&gt;, /home/james/repos/db-lab/.pwsh/pester/repo.tests.ps1:99</failure>
    </testcase>
    <testcase name="Docker.cockroach-cluster.should have a backup script" status="Failed" classname="/home/james/repos/db-lab/.pwsh/pester/repo.tests.ps1" assertions="0" time="0.047">
      <failure message="Expected path 'backup.sh' to exist, but it did not exist.">at "backup.sh" | Should -Exist, /home/james/repos/db-lab/.pwsh/pester/repo.tests.ps1:105
at &lt;ScriptBlock&gt;, /home/james/repos/db-lab/.pwsh/pester/repo.tests.ps1:105</failure>
    </testcase>
    <testcase name="Docker.cockroach-cluster.should not have a sample script" status="Passed" classname="/home/james/repos/db-lab/.pwsh/pester/repo.tests.ps1" assertions="0" time="0.012" />
    <testcase name="Docker.dbgate.contains docker-compose.yml" status="Passed" classname="/home/james/repos/db-lab/.pwsh/pester/repo.tests.ps1" assertions="0" time="0.012" />
    <testcase name="Docker.dbgate.doesn't contain a dockerfile" status="Passed" classname="/home/james/repos/db-lab/.pwsh/pester/repo.tests.ps1" assertions="0" time="0.018" />
    <testcase name="Docker.dbgate.contains info.json" status="Passed" classname="/home/james/repos/db-lab/.pwsh/pester/repo.tests.ps1" assertions="0" time="0.010" />
    <testcase name="Docker.dbgate.should have a title" status="Passed" classname="/home/james/repos/db-lab/.pwsh/pester/repo.tests.ps1" assertions="0" time="0.011" />
    <testcase name="Docker.dbgate.should have a description" status="Passed" classname="/home/james/repos/db-lab/.pwsh/pester/repo.tests.ps1" assertions="0" time="0.015" />
    <testcase name="Docker.dbgate.should have a type" status="Passed" classname="/home/james/repos/db-lab/.pwsh/pester/repo.tests.ps1" assertions="0" time="0.015" />
    <testcase name="Docker.dbgate.should have a valid type" status="Passed" classname="/home/james/repos/db-lab/.pwsh/pester/repo.tests.ps1" assertions="0" time="0.010" />
    <testcase name="Docker.dbgate.should have a homepage" status="Passed" classname="/home/james/repos/db-lab/.pwsh/pester/repo.tests.ps1" assertions="0" time="0.012" />
    <testcase name="Docker.dbgate.should have a registry" status="Passed" classname="/home/james/repos/db-lab/.pwsh/pester/repo.tests.ps1" assertions="0" time="0.012" />
    <testcase name="Docker.dbgate.should have a repository" status="Passed" classname="/home/james/repos/db-lab/.pwsh/pester/repo.tests.ps1" assertions="0" time="0.009" />
    <testcase name="Docker.dbgate.should have a dbdb link" status="Passed" classname="/home/james/repos/db-lab/.pwsh/pester/repo.tests.ps1" assertions="0" time="0.007" />
    <testcase name="Docker.dbgate.should have a tests folder" status="Passed" classname="/home/james/repos/db-lab/.pwsh/pester/repo.tests.ps1" assertions="0" time="0.012" />
    <testcase name="Docker.dbgate.should have a go test" status="Passed" classname="/home/james/repos/db-lab/.pwsh/pester/repo.tests.ps1" assertions="0" time="0.008" />
    <testcase name="Docker.dbgate.should have a powershell test" status="Passed" classname="/home/james/repos/db-lab/.pwsh/pester/repo.tests.ps1" assertions="0" time="0.009" />
    <testcase name="Docker.dbgate.should have a python test" status="Passed" classname="/home/james/repos/db-lab/.pwsh/pester/repo.tests.ps1" assertions="0" time="0.012" />
    <testcase name="Docker.dbgate.should have a backup script" status="Passed" classname="/home/james/repos/db-lab/.pwsh/pester/repo.tests.ps1" assertions="0" time="0.007" />
    <testcase name="Docker.dbgate.should not have a sample script" status="Passed" classname="/home/james/repos/db-lab/.pwsh/pester/repo.tests.ps1" assertions="0" time="0.010" />
    <testcase name="Docker.dockerproxy.contains docker-compose.yml" status="Passed" classname="/home/james/repos/db-lab/.pwsh/pester/repo.tests.ps1" assertions="0" time="0.007" />
    <testcase name="Docker.dockerproxy.doesn't contain a dockerfile" status="Passed" classname="/home/james/repos/db-lab/.pwsh/pester/repo.tests.ps1" assertions="0" time="0.012" />
    <testcase name="Docker.dockerproxy.contains info.json" status="Passed" classname="/home/james/repos/db-lab/.pwsh/pester/repo.tests.ps1" assertions="0" time="0.011" />
    <testcase name="Docker.dockerproxy.should have a title" status="Passed" classname="/home/james/repos/db-lab/.pwsh/pester/repo.tests.ps1" assertions="0" time="0.012" />
    <testcase name="Docker.dockerproxy.should have a description" status="Passed" classname="/home/james/repos/db-lab/.pwsh/pester/repo.tests.ps1" assertions="0" time="0.007" />
    <testcase name="Docker.dockerproxy.should have a type" status="Passed" classname="/home/james/repos/db-lab/.pwsh/pester/repo.tests.ps1" assertions="0" time="0.007" />
    <testcase name="Docker.dockerproxy.should have a valid type" status="Passed" classname="/home/james/repos/db-lab/.pwsh/pester/repo.tests.ps1" assertions="0" time="0.011" />
    <testcase name="Docker.dockerproxy.should have a homepage" status="Passed" classname="/home/james/repos/db-lab/.pwsh/pester/repo.tests.ps1" assertions="0" time="0.007" />
    <testcase name="Docker.dockerproxy.should have a registry" status="Passed" classname="/home/james/repos/db-lab/.pwsh/pester/repo.tests.ps1" assertions="0" time="0.011" />
    <testcase name="Docker.dockerproxy.should have a repository" status="Passed" classname="/home/james/repos/db-lab/.pwsh/pester/repo.tests.ps1" assertions="0" time="0.007" />
    <testcase name="Docker.dockerproxy.should have a dbdb link" status="Passed" classname="/home/james/repos/db-lab/.pwsh/pester/repo.tests.ps1" assertions="0" time="0.005" />
    <testcase name="Docker.dockerproxy.should have a tests folder" status="Passed" classname="/home/james/repos/db-lab/.pwsh/pester/repo.tests.ps1" assertions="0" time="0.005" />
    <testcase name="Docker.dockerproxy.should have a go test" status="Passed" classname="/home/james/repos/db-lab/.pwsh/pester/repo.tests.ps1" assertions="0" time="0.005" />
    <testcase name="Docker.dockerproxy.should have a powershell test" status="Passed" classname="/home/james/repos/db-lab/.pwsh/pester/repo.tests.ps1" assertions="0" time="0.009" />
    <testcase name="Docker.dockerproxy.should have a python test" status="Passed" classname="/home/james/repos/db-lab/.pwsh/pester/repo.tests.ps1" assertions="0" time="0.005" />
    <testcase name="Docker.dockerproxy.should have a backup script" status="Passed" classname="/home/james/repos/db-lab/.pwsh/pester/repo.tests.ps1" assertions="0" time="0.005" />
    <testcase name="Docker.dockerproxy.should not have a sample script" status="Passed" classname="/home/james/repos/db-lab/.pwsh/pester/repo.tests.ps1" assertions="0" time="0.010" />
    <testcase name="Docker.dozzle.contains docker-compose.yml" status="Passed" classname="/home/james/repos/db-lab/.pwsh/pester/repo.tests.ps1" assertions="0" time="0.011" />
    <testcase name="Docker.dozzle.doesn't contain a dockerfile" status="Passed" classname="/home/james/repos/db-lab/.pwsh/pester/repo.tests.ps1" assertions="0" time="0.007" />
    <testcase name="Docker.dozzle.contains info.json" status="Passed" classname="/home/james/repos/db-lab/.pwsh/pester/repo.tests.ps1" assertions="0" time="0.008" />
    <testcase name="Docker.dozzle.should have a title" status="Passed" classname="/home/james/repos/db-lab/.pwsh/pester/repo.tests.ps1" assertions="0" time="0.010" />
    <testcase name="Docker.dozzle.should have a description" status="Passed" classname="/home/james/repos/db-lab/.pwsh/pester/repo.tests.ps1" assertions="0" time="0.007" />
    <testcase name="Docker.dozzle.should have a type" status="Passed" classname="/home/james/repos/db-lab/.pwsh/pester/repo.tests.ps1" assertions="0" time="0.012" />
    <testcase name="Docker.dozzle.should have a valid type" status="Passed" classname="/home/james/repos/db-lab/.pwsh/pester/repo.tests.ps1" assertions="0" time="0.008" />
    <testcase name="Docker.dozzle.should have a homepage" status="Passed" classname="/home/james/repos/db-lab/.pwsh/pester/repo.tests.ps1" assertions="0" time="0.009" />
    <testcase name="Docker.dozzle.should have a registry" status="Passed" classname="/home/james/repos/db-lab/.pwsh/pester/repo.tests.ps1" assertions="0" time="0.008" />
    <testcase name="Docker.dozzle.should have a repository" status="Passed" classname="/home/james/repos/db-lab/.pwsh/pester/repo.tests.ps1" assertions="0" time="0.006" />
    <testcase name="Docker.dozzle.should have a dbdb link" status="Passed" classname="/home/james/repos/db-lab/.pwsh/pester/repo.tests.ps1" assertions="0" time="0.007" />
    <testcase name="Docker.dozzle.should have a tests folder" status="Passed" classname="/home/james/repos/db-lab/.pwsh/pester/repo.tests.ps1" assertions="0" time="0.005" />
    <testcase name="Docker.dozzle.should have a go test" status="Passed" classname="/home/james/repos/db-lab/.pwsh/pester/repo.tests.ps1" assertions="0" time="0.005" />
    <testcase name="Docker.dozzle.should have a powershell test" status="Passed" classname="/home/james/repos/db-lab/.pwsh/pester/repo.tests.ps1" assertions="0" time="0.007" />
    <testcase name="Docker.dozzle.should have a python test" status="Passed" classname="/home/james/repos/db-lab/.pwsh/pester/repo.tests.ps1" assertions="0" time="0.004" />
    <testcase name="Docker.dozzle.should have a backup script" status="Passed" classname="/home/james/repos/db-lab/.pwsh/pester/repo.tests.ps1" assertions="0" time="0.004" />
    <testcase name="Docker.dozzle.should not have a sample script" status="Passed" classname="/home/james/repos/db-lab/.pwsh/pester/repo.tests.ps1" assertions="0" time="0.009" />
    <testcase name="Docker.dynamodb.contains docker-compose.yml" status="Passed" classname="/home/james/repos/db-lab/.pwsh/pester/repo.tests.ps1" assertions="0" time="0.011" />
    <testcase name="Docker.dynamodb.doesn't contain a dockerfile" status="Passed" classname="/home/james/repos/db-lab/.pwsh/pester/repo.tests.ps1" assertions="0" time="0.008" />
    <testcase name="Docker.dynamodb.contains info.json" status="Passed" classname="/home/james/repos/db-lab/.pwsh/pester/repo.tests.ps1" assertions="0" time="0.007" />
    <testcase name="Docker.dynamodb.should have a title" status="Passed" classname="/home/james/repos/db-lab/.pwsh/pester/repo.tests.ps1" assertions="0" time="0.010" />
    <testcase name="Docker.dynamodb.should have a description" status="Passed" classname="/home/james/repos/db-lab/.pwsh/pester/repo.tests.ps1" assertions="0" time="0.010" />
    <testcase name="Docker.dynamodb.should have a type" status="Passed" classname="/home/james/repos/db-lab/.pwsh/pester/repo.tests.ps1" assertions="0" time="0.007" />
    <testcase name="Docker.dynamodb.should have a valid type" status="Failed" classname="/home/james/repos/db-lab/.pwsh/pester/repo.tests.ps1" assertions="0" time="0.025">
      <failure message="Expected $null or empty, but got 'nosql'.">at $invalid | Should -BeNullOrEmpty, /home/james/repos/db-lab/.pwsh/pester/repo.tests.ps1:61
at &lt;ScriptBlock&gt;, /home/james/repos/db-lab/.pwsh/pester/repo.tests.ps1:61</failure>
    </testcase>
    <testcase name="Docker.dynamodb.should have a homepage" status="Passed" classname="/home/james/repos/db-lab/.pwsh/pester/repo.tests.ps1" assertions="0" time="0.005" />
    <testcase name="Docker.dynamodb.should have a registry" status="Passed" classname="/home/james/repos/db-lab/.pwsh/pester/repo.tests.ps1" assertions="0" time="0.009" />
    <testcase name="Docker.dynamodb.should have a repository" status="Passed" classname="/home/james/repos/db-lab/.pwsh/pester/repo.tests.ps1" assertions="0" time="0.007" />
    <testcase name="Docker.dynamodb.should have a dbdb link" status="Passed" classname="/home/james/repos/db-lab/.pwsh/pester/repo.tests.ps1" assertions="0" time="0.010" />
    <testcase name="Docker.dynamodb.should have a tests folder" status="Passed" classname="/home/james/repos/db-lab/.pwsh/pester/repo.tests.ps1" assertions="0" time="0.007" />
    <testcase name="Docker.dynamodb.should have a go test" status="Failed" classname="/home/james/repos/db-lab/.pwsh/pester/repo.tests.ps1" assertions="0" time="0.019">
      <failure message="Expected path 'tests/go' to exist, but it did not exist.">at "tests/go" | Should -Exist, /home/james/repos/db-lab/.pwsh/pester/repo.tests.ps1:87
at &lt;ScriptBlock&gt;, /home/james/repos/db-lab/.pwsh/pester/repo.tests.ps1:87</failure>
    </testcase>
    <testcase name="Docker.dynamodb.should have a powershell test" status="Passed" classname="/home/james/repos/db-lab/.pwsh/pester/repo.tests.ps1" assertions="0" time="0.013" />
    <testcase name="Docker.dynamodb.should have a python test" status="Passed" classname="/home/james/repos/db-lab/.pwsh/pester/repo.tests.ps1" assertions="0" time="0.007" />
    <testcase name="Docker.dynamodb.should have a backup script" status="Passed" classname="/home/james/repos/db-lab/.pwsh/pester/repo.tests.ps1" assertions="0" time="0.009" />
    <testcase name="Docker.dynamodb.should not have a sample script" status="Passed" classname="/home/james/repos/db-lab/.pwsh/pester/repo.tests.ps1" assertions="0" time="0.012" />
    <testcase name="Docker.dynamodb-admin.contains docker-compose.yml" status="Passed" classname="/home/james/repos/db-lab/.pwsh/pester/repo.tests.ps1" assertions="0" time="0.017" />
    <testcase name="Docker.dynamodb-admin.doesn't contain a dockerfile" status="Passed" classname="/home/james/repos/db-lab/.pwsh/pester/repo.tests.ps1" assertions="0" time="0.007" />
    <testcase name="Docker.dynamodb-admin.contains info.json" status="Passed" classname="/home/james/repos/db-lab/.pwsh/pester/repo.tests.ps1" assertions="0" time="0.007" />
    <testcase name="Docker.dynamodb-admin.should have a title" status="Passed" classname="/home/james/repos/db-lab/.pwsh/pester/repo.tests.ps1" assertions="0" time="0.008" />
    <testcase name="Docker.dynamodb-admin.should have a description" status="Passed" classname="/home/james/repos/db-lab/.pwsh/pester/repo.tests.ps1" assertions="0" time="0.005" />
    <testcase name="Docker.dynamodb-admin.should have a type" status="Passed" classname="/home/james/repos/db-lab/.pwsh/pester/repo.tests.ps1" assertions="0" time="0.004" />
    <testcase name="Docker.dynamodb-admin.should have a valid type" status="Passed" classname="/home/james/repos/db-lab/.pwsh/pester/repo.tests.ps1" assertions="0" time="0.007" />
    <testcase name="Docker.dynamodb-admin.should have a homepage" status="Passed" classname="/home/james/repos/db-lab/.pwsh/pester/repo.tests.ps1" assertions="0" time="0.006" />
    <testcase name="Docker.dynamodb-admin.should have a registry" status="Passed" classname="/home/james/repos/db-lab/.pwsh/pester/repo.tests.ps1" assertions="0" time="0.006" />
    <testcase name="Docker.dynamodb-admin.should have a repository" status="Passed" classname="/home/james/repos/db-lab/.pwsh/pester/repo.tests.ps1" assertions="0" time="0.006" />
    <testcase name="Docker.dynamodb-admin.should have a dbdb link" status="Passed" classname="/home/james/repos/db-lab/.pwsh/pester/repo.tests.ps1" assertions="0" time="0.003" />
    <testcase name="Docker.dynamodb-admin.should have a tests folder" status="Passed" classname="/home/james/repos/db-lab/.pwsh/pester/repo.tests.ps1" assertions="0" time="0.005" />
    <testcase name="Docker.dynamodb-admin.should have a go test" status="Passed" classname="/home/james/repos/db-lab/.pwsh/pester/repo.tests.ps1" assertions="0" time="0.003" />
    <testcase name="Docker.dynamodb-admin.should have a powershell test" status="Passed" classname="/home/james/repos/db-lab/.pwsh/pester/repo.tests.ps1" assertions="0" time="0.005" />
    <testcase name="Docker.dynamodb-admin.should have a python test" status="Passed" classname="/home/james/repos/db-lab/.pwsh/pester/repo.tests.ps1" assertions="0" time="0.005" />
    <testcase name="Docker.dynamodb-admin.should have a backup script" status="Passed" classname="/home/james/repos/db-lab/.pwsh/pester/repo.tests.ps1" assertions="0" time="0.003" />
    <testcase name="Docker.dynamodb-admin.should not have a sample script" status="Passed" classname="/home/james/repos/db-lab/.pwsh/pester/repo.tests.ps1" assertions="0" time="0.004" />
    <testcase name="Docker.etcd.contains docker-compose.yml" status="Passed" classname="/home/james/repos/db-lab/.pwsh/pester/repo.tests.ps1" assertions="0" time="0.005" />
    <testcase name="Docker.etcd.doesn't contain a dockerfile" status="Passed" classname="/home/james/repos/db-lab/.pwsh/pester/repo.tests.ps1" assertions="0" time="0.008" />
    <testcase name="Docker.etcd.contains info.json" status="Passed" classname="/home/james/repos/db-lab/.pwsh/pester/repo.tests.ps1" assertions="0" time="0.004" />
    <testcase name="Docker.etcd.should have a title" status="Passed" classname="/home/james/repos/db-lab/.pwsh/pester/repo.tests.ps1" assertions="0" time="0.004" />
    <testcase name="Docker.etcd.should have a description" status="Passed" classname="/home/james/repos/db-lab/.pwsh/pester/repo.tests.ps1" assertions="0" time="0.008" />
    <testcase name="Docker.etcd.should have a type" status="Passed" classname="/home/james/repos/db-lab/.pwsh/pester/repo.tests.ps1" assertions="0" time="0.004" />
    <testcase name="Docker.etcd.should have a valid type" status="Passed" classname="/home/james/repos/db-lab/.pwsh/pester/repo.tests.ps1" assertions="0" time="0.006" />
    <testcase name="Docker.etcd.should have a homepage" status="Passed" classname="/home/james/repos/db-lab/.pwsh/pester/repo.tests.ps1" assertions="0" time="0.006" />
    <testcase name="Docker.etcd.should have a registry" status="Passed" classname="/home/james/repos/db-lab/.pwsh/pester/repo.tests.ps1" assertions="0" time="0.004" />
    <testcase name="Docker.etcd.should have a repository" status="Passed" classname="/home/james/repos/db-lab/.pwsh/pester/repo.tests.ps1" assertions="0" time="0.007" />
    <testcase name="Docker.etcd.should have a dbdb link" status="Passed" classname="/home/james/repos/db-lab/.pwsh/pester/repo.tests.ps1" assertions="0" time="0.008" />
    <testcase name="Docker.etcd.should have a tests folder" status="Passed" classname="/home/james/repos/db-lab/.pwsh/pester/repo.tests.ps1" assertions="0" time="0.009" />
    <testcase name="Docker.etcd.should have a go test" status="Failed" classname="/home/james/repos/db-lab/.pwsh/pester/repo.tests.ps1" assertions="0" time="0.019">
      <failure message="Expected path 'tests/go' to exist, but it did not exist.">at "tests/go" | Should -Exist, /home/james/repos/db-lab/.pwsh/pester/repo.tests.ps1:87
at &lt;ScriptBlock&gt;, /home/james/repos/db-lab/.pwsh/pester/repo.tests.ps1:87</failure>
    </testcase>
    <testcase name="Docker.etcd.should have a powershell test" status="Passed" classname="/home/james/repos/db-lab/.pwsh/pester/repo.tests.ps1" assertions="0" time="0.008" />
    <testcase name="Docker.etcd.should have a python test" status="Failed" classname="/home/james/repos/db-lab/.pwsh/pester/repo.tests.ps1" assertions="0" time="0.018">
      <failure message="Expected path 'tests/python' to exist, but it did not exist.">at "tests/python" | Should -Exist, /home/james/repos/db-lab/.pwsh/pester/repo.tests.ps1:99
at &lt;ScriptBlock&gt;, /home/james/repos/db-lab/.pwsh/pester/repo.tests.ps1:99</failure>
    </testcase>
    <testcase name="Docker.etcd.should have a backup script" status="Failed" classname="/home/james/repos/db-lab/.pwsh/pester/repo.tests.ps1" assertions="0" time="0.020">
      <failure message="Expected path 'backup.sh' to exist, but it did not exist.">at "backup.sh" | Should -Exist, /home/james/repos/db-lab/.pwsh/pester/repo.tests.ps1:105
at &lt;ScriptBlock&gt;, /home/james/repos/db-lab/.pwsh/pester/repo.tests.ps1:105</failure>
    </testcase>
    <testcase name="Docker.etcd.should not have a sample script" status="Passed" classname="/home/james/repos/db-lab/.pwsh/pester/repo.tests.ps1" assertions="0" time="0.007" />
    <testcase name="Docker.etcd-browser.contains docker-compose.yml" status="Passed" classname="/home/james/repos/db-lab/.pwsh/pester/repo.tests.ps1" assertions="0" time="0.007" />
    <testcase name="Docker.etcd-browser.doesn't contain a dockerfile" status="Passed" classname="/home/james/repos/db-lab/.pwsh/pester/repo.tests.ps1" assertions="0" time="0.008" />
    <testcase name="Docker.etcd-browser.contains info.json" status="Passed" classname="/home/james/repos/db-lab/.pwsh/pester/repo.tests.ps1" assertions="0" time="0.008" />
    <testcase name="Docker.etcd-browser.should have a title" status="Passed" classname="/home/james/repos/db-lab/.pwsh/pester/repo.tests.ps1" assertions="0" time="0.005" />
    <testcase name="Docker.etcd-browser.should have a description" status="Passed" classname="/home/james/repos/db-lab/.pwsh/pester/repo.tests.ps1" assertions="0" time="0.009" />
    <testcase name="Docker.etcd-browser.should have a type" status="Passed" classname="/home/james/repos/db-lab/.pwsh/pester/repo.tests.ps1" assertions="0" time="0.005" />
    <testcase name="Docker.etcd-browser.should have a valid type" status="Passed" classname="/home/james/repos/db-lab/.pwsh/pester/repo.tests.ps1" assertions="0" time="0.005" />
    <testcase name="Docker.etcd-browser.should have a homepage" status="Passed" classname="/home/james/repos/db-lab/.pwsh/pester/repo.tests.ps1" assertions="0" time="0.006" />
    <testcase name="Docker.etcd-browser.should have a registry" status="Passed" classname="/home/james/repos/db-lab/.pwsh/pester/repo.tests.ps1" assertions="0" time="0.006" />
    <testcase name="Docker.etcd-browser.should have a repository" status="Passed" classname="/home/james/repos/db-lab/.pwsh/pester/repo.tests.ps1" assertions="0" time="0.007" />
    <testcase name="Docker.etcd-browser.should have a dbdb link" status="Passed" classname="/home/james/repos/db-lab/.pwsh/pester/repo.tests.ps1" assertions="0" time="0.003" />
    <testcase name="Docker.etcd-browser.should have a tests folder" status="Passed" classname="/home/james/repos/db-lab/.pwsh/pester/repo.tests.ps1" assertions="0" time="0.003" />
    <testcase name="Docker.etcd-browser.should have a go test" status="Passed" classname="/home/james/repos/db-lab/.pwsh/pester/repo.tests.ps1" assertions="0" time="0.005" />
    <testcase name="Docker.etcd-browser.should have a powershell test" status="Passed" classname="/home/james/repos/db-lab/.pwsh/pester/repo.tests.ps1" assertions="0" time="0.004" />
    <testcase name="Docker.etcd-browser.should have a python test" status="Passed" classname="/home/james/repos/db-lab/.pwsh/pester/repo.tests.ps1" assertions="0" time="0.003" />
    <testcase name="Docker.etcd-browser.should have a backup script" status="Passed" classname="/home/james/repos/db-lab/.pwsh/pester/repo.tests.ps1" assertions="0" time="0.005" />
    <testcase name="Docker.etcd-browser.should not have a sample script" status="Passed" classname="/home/james/repos/db-lab/.pwsh/pester/repo.tests.ps1" assertions="0" time="0.005" />
    <testcase name="Docker.homepage.contains docker-compose.yml" status="Passed" classname="/home/james/repos/db-lab/.pwsh/pester/repo.tests.ps1" assertions="0" time="0.006" />
    <testcase name="Docker.homepage.doesn't contain a dockerfile" status="Passed" classname="/home/james/repos/db-lab/.pwsh/pester/repo.tests.ps1" assertions="0" time="0.005" />
    <testcase name="Docker.homepage.contains info.json" status="Passed" classname="/home/james/repos/db-lab/.pwsh/pester/repo.tests.ps1" assertions="0" time="0.006" />
    <testcase name="Docker.homepage.should have a title" status="Passed" classname="/home/james/repos/db-lab/.pwsh/pester/repo.tests.ps1" assertions="0" time="0.004" />
    <testcase name="Docker.homepage.should have a description" status="Passed" classname="/home/james/repos/db-lab/.pwsh/pester/repo.tests.ps1" assertions="0" time="0.007" />
    <testcase name="Docker.homepage.should have a type" status="Passed" classname="/home/james/repos/db-lab/.pwsh/pester/repo.tests.ps1" assertions="0" time="0.006" />
    <testcase name="Docker.homepage.should have a valid type" status="Passed" classname="/home/james/repos/db-lab/.pwsh/pester/repo.tests.ps1" assertions="0" time="0.005" />
    <testcase name="Docker.homepage.should have a homepage" status="Passed" classname="/home/james/repos/db-lab/.pwsh/pester/repo.tests.ps1" assertions="0" time="0.009" />
    <testcase name="Docker.homepage.should have a registry" status="Passed" classname="/home/james/repos/db-lab/.pwsh/pester/repo.tests.ps1" assertions="0" time="0.007" />
    <testcase name="Docker.homepage.should have a repository" status="Passed" classname="/home/james/repos/db-lab/.pwsh/pester/repo.tests.ps1" assertions="0" time="0.007" />
    <testcase name="Docker.homepage.should have a dbdb link" status="Passed" classname="/home/james/repos/db-lab/.pwsh/pester/repo.tests.ps1" assertions="0" time="0.003" />
    <testcase name="Docker.homepage.should have a tests folder" status="Passed" classname="/home/james/repos/db-lab/.pwsh/pester/repo.tests.ps1" assertions="0" time="0.003" />
    <testcase name="Docker.homepage.should have a go test" status="Passed" classname="/home/james/repos/db-lab/.pwsh/pester/repo.tests.ps1" assertions="0" time="0.003" />
    <testcase name="Docker.homepage.should have a powershell test" status="Passed" classname="/home/james/repos/db-lab/.pwsh/pester/repo.tests.ps1" assertions="0" time="0.005" />
    <testcase name="Docker.homepage.should have a python test" status="Passed" classname="/home/james/repos/db-lab/.pwsh/pester/repo.tests.ps1" assertions="0" time="0.004" />
    <testcase name="Docker.homepage.should have a backup script" status="Passed" classname="/home/james/repos/db-lab/.pwsh/pester/repo.tests.ps1" assertions="0" time="0.003" />
    <testcase name="Docker.homepage.should not have a sample script" status="Passed" classname="/home/james/repos/db-lab/.pwsh/pester/repo.tests.ps1" assertions="0" time="0.007" />
    <testcase name="Docker.minio.contains docker-compose.yml" status="Passed" classname="/home/james/repos/db-lab/.pwsh/pester/repo.tests.ps1" assertions="0" time="0.009" />
    <testcase name="Docker.minio.doesn't contain a dockerfile" status="Passed" classname="/home/james/repos/db-lab/.pwsh/pester/repo.tests.ps1" assertions="0" time="0.006" />
    <testcase name="Docker.minio.contains info.json" status="Passed" classname="/home/james/repos/db-lab/.pwsh/pester/repo.tests.ps1" assertions="0" time="0.008" />
    <testcase name="Docker.minio.should have a title" status="Passed" classname="/home/james/repos/db-lab/.pwsh/pester/repo.tests.ps1" assertions="0" time="0.007" />
    <testcase name="Docker.minio.should have a description" status="Passed" classname="/home/james/repos/db-lab/.pwsh/pester/repo.tests.ps1" assertions="0" time="0.006" />
    <testcase name="Docker.minio.should have a type" status="Passed" classname="/home/james/repos/db-lab/.pwsh/pester/repo.tests.ps1" assertions="0" time="0.006" />
    <testcase name="Docker.minio.should have a valid type" status="Passed" classname="/home/james/repos/db-lab/.pwsh/pester/repo.tests.ps1" assertions="0" time="0.008" />
    <testcase name="Docker.minio.should have a homepage" status="Passed" classname="/home/james/repos/db-lab/.pwsh/pester/repo.tests.ps1" assertions="0" time="0.007" />
    <testcase name="Docker.minio.should have a registry" status="Passed" classname="/home/james/repos/db-lab/.pwsh/pester/repo.tests.ps1" assertions="0" time="0.011" />
    <testcase name="Docker.minio.should have a repository" status="Passed" classname="/home/james/repos/db-lab/.pwsh/pester/repo.tests.ps1" assertions="0" time="0.008" />
    <testcase name="Docker.minio.should have a dbdb link" status="Passed" classname="/home/james/repos/db-lab/.pwsh/pester/repo.tests.ps1" assertions="0" time="0.007" />
    <testcase name="Docker.minio.should have a tests folder" status="Passed" classname="/home/james/repos/db-lab/.pwsh/pester/repo.tests.ps1" assertions="0" time="0.008" />
    <testcase name="Docker.minio.should have a go test" status="Passed" classname="/home/james/repos/db-lab/.pwsh/pester/repo.tests.ps1" assertions="0" time="0.005" />
    <testcase name="Docker.minio.should have a powershell test" status="Passed" classname="/home/james/repos/db-lab/.pwsh/pester/repo.tests.ps1" assertions="0" time="0.006" />
    <testcase name="Docker.minio.should have a python test" status="Passed" classname="/home/james/repos/db-lab/.pwsh/pester/repo.tests.ps1" assertions="0" time="0.007" />
    <testcase name="Docker.minio.should have a backup script" status="Passed" classname="/home/james/repos/db-lab/.pwsh/pester/repo.tests.ps1" assertions="0" time="0.006" />
    <testcase name="Docker.minio.should not have a sample script" status="Passed" classname="/home/james/repos/db-lab/.pwsh/pester/repo.tests.ps1" assertions="0" time="0.011" />
    <testcase name="Docker.mkdocs.contains docker-compose.yml" status="Passed" classname="/home/james/repos/db-lab/.pwsh/pester/repo.tests.ps1" assertions="0" time="0.011" />
    <testcase name="Docker.mkdocs.doesn't contain a dockerfile" status="Passed" classname="/home/james/repos/db-lab/.pwsh/pester/repo.tests.ps1" assertions="0" time="0.012" />
    <testcase name="Docker.mkdocs.contains info.json" status="Passed" classname="/home/james/repos/db-lab/.pwsh/pester/repo.tests.ps1" assertions="0" time="0.010" />
    <testcase name="Docker.mkdocs.should have a title" status="Passed" classname="/home/james/repos/db-lab/.pwsh/pester/repo.tests.ps1" assertions="0" time="0.009" />
    <testcase name="Docker.mkdocs.should have a description" status="Passed" classname="/home/james/repos/db-lab/.pwsh/pester/repo.tests.ps1" assertions="0" time="0.011" />
    <testcase name="Docker.mkdocs.should have a type" status="Passed" classname="/home/james/repos/db-lab/.pwsh/pester/repo.tests.ps1" assertions="0" time="0.008" />
    <testcase name="Docker.mkdocs.should have a valid type" status="Passed" classname="/home/james/repos/db-lab/.pwsh/pester/repo.tests.ps1" assertions="0" time="0.013" />
    <testcase name="Docker.mkdocs.should have a homepage" status="Passed" classname="/home/james/repos/db-lab/.pwsh/pester/repo.tests.ps1" assertions="0" time="0.010" />
    <testcase name="Docker.mkdocs.should have a registry" status="Passed" classname="/home/james/repos/db-lab/.pwsh/pester/repo.tests.ps1" assertions="0" time="0.007" />
    <testcase name="Docker.mkdocs.should have a repository" status="Passed" classname="/home/james/repos/db-lab/.pwsh/pester/repo.tests.ps1" assertions="0" time="0.011" />
    <testcase name="Docker.mkdocs.should have a dbdb link" status="Passed" classname="/home/james/repos/db-lab/.pwsh/pester/repo.tests.ps1" assertions="0" time="0.004" />
    <testcase name="Docker.mkdocs.should have a tests folder" status="Passed" classname="/home/james/repos/db-lab/.pwsh/pester/repo.tests.ps1" assertions="0" time="0.006" />
    <testcase name="Docker.mkdocs.should have a go test" status="Passed" classname="/home/james/repos/db-lab/.pwsh/pester/repo.tests.ps1" assertions="0" time="0.009" />
    <testcase name="Docker.mkdocs.should have a powershell test" status="Passed" classname="/home/james/repos/db-lab/.pwsh/pester/repo.tests.ps1" assertions="0" time="0.006" />
    <testcase name="Docker.mkdocs.should have a python test" status="Passed" classname="/home/james/repos/db-lab/.pwsh/pester/repo.tests.ps1" assertions="0" time="0.007" />
    <testcase name="Docker.mkdocs.should have a backup script" status="Passed" classname="/home/james/repos/db-lab/.pwsh/pester/repo.tests.ps1" assertions="0" time="0.009" />
    <testcase name="Docker.mkdocs.should not have a sample script" status="Passed" classname="/home/james/repos/db-lab/.pwsh/pester/repo.tests.ps1" assertions="0" time="0.008" />
    <testcase name="Docker.mssql2017.contains docker-compose.yml" status="Passed" classname="/home/james/repos/db-lab/.pwsh/pester/repo.tests.ps1" assertions="0" time="0.007" />
    <testcase name="Docker.mssql2017.doesn't contain a dockerfile" status="Passed" classname="/home/james/repos/db-lab/.pwsh/pester/repo.tests.ps1" assertions="0" time="0.006" />
    <testcase name="Docker.mssql2017.contains info.json" status="Passed" classname="/home/james/repos/db-lab/.pwsh/pester/repo.tests.ps1" assertions="0" time="0.013" />
    <testcase name="Docker.mssql2017.should have a title" status="Passed" classname="/home/james/repos/db-lab/.pwsh/pester/repo.tests.ps1" assertions="0" time="0.008" />
    <testcase name="Docker.mssql2017.should have a description" status="Passed" classname="/home/james/repos/db-lab/.pwsh/pester/repo.tests.ps1" assertions="0" time="0.009" />
    <testcase name="Docker.mssql2017.should have a type" status="Passed" classname="/home/james/repos/db-lab/.pwsh/pester/repo.tests.ps1" assertions="0" time="0.007" />
    <testcase name="Docker.mssql2017.should have a valid type" status="Passed" classname="/home/james/repos/db-lab/.pwsh/pester/repo.tests.ps1" assertions="0" time="0.007" />
    <testcase name="Docker.mssql2017.should have a homepage" status="Passed" classname="/home/james/repos/db-lab/.pwsh/pester/repo.tests.ps1" assertions="0" time="0.006" />
    <testcase name="Docker.mssql2017.should have a registry" status="Passed" classname="/home/james/repos/db-lab/.pwsh/pester/repo.tests.ps1" assertions="0" time="0.009" />
    <testcase name="Docker.mssql2017.should have a repository" status="Passed" classname="/home/james/repos/db-lab/.pwsh/pester/repo.tests.ps1" assertions="0" time="0.010" />
    <testcase name="Docker.mssql2017.should have a dbdb link" status="Passed" classname="/home/james/repos/db-lab/.pwsh/pester/repo.tests.ps1" assertions="0" time="0.008" />
    <testcase name="Docker.mssql2017.should have a tests folder" status="Passed" classname="/home/james/repos/db-lab/.pwsh/pester/repo.tests.ps1" assertions="0" time="0.012" />
    <testcase name="Docker.mssql2017.should have a go test" status="Failed" classname="/home/james/repos/db-lab/.pwsh/pester/repo.tests.ps1" assertions="0" time="0.026">
      <failure message="Expected path 'tests/go' to exist, but it did not exist.">at "tests/go" | Should -Exist, /home/james/repos/db-lab/.pwsh/pester/repo.tests.ps1:87
at &lt;ScriptBlock&gt;, /home/james/repos/db-lab/.pwsh/pester/repo.tests.ps1:87</failure>
    </testcase>
    <testcase name="Docker.mssql2017.should have a powershell test" status="Passed" classname="/home/james/repos/db-lab/.pwsh/pester/repo.tests.ps1" assertions="0" time="0.010" />
    <testcase name="Docker.mssql2017.should have a python test" status="Passed" classname="/home/james/repos/db-lab/.pwsh/pester/repo.tests.ps1" assertions="0" time="0.012" />
    <testcase name="Docker.mssql2017.should have a backup script" status="Failed" classname="/home/james/repos/db-lab/.pwsh/pester/repo.tests.ps1" assertions="0" time="0.019">
      <failure message="Expected path 'backup.sh' to exist, but it did not exist.">at "backup.sh" | Should -Exist, /home/james/repos/db-lab/.pwsh/pester/repo.tests.ps1:105
at &lt;ScriptBlock&gt;, /home/james/repos/db-lab/.pwsh/pester/repo.tests.ps1:105</failure>
    </testcase>
    <testcase name="Docker.mssql2017.should not have a sample script" status="Passed" classname="/home/james/repos/db-lab/.pwsh/pester/repo.tests.ps1" assertions="0" time="0.011" />
    <testcase name="Docker.mssql2019.contains docker-compose.yml" status="Passed" classname="/home/james/repos/db-lab/.pwsh/pester/repo.tests.ps1" assertions="0" time="0.011" />
    <testcase name="Docker.mssql2019.doesn't contain a dockerfile" status="Passed" classname="/home/james/repos/db-lab/.pwsh/pester/repo.tests.ps1" assertions="0" time="0.010" />
    <testcase name="Docker.mssql2019.contains info.json" status="Passed" classname="/home/james/repos/db-lab/.pwsh/pester/repo.tests.ps1" assertions="0" time="0.011" />
    <testcase name="Docker.mssql2019.should have a title" status="Passed" classname="/home/james/repos/db-lab/.pwsh/pester/repo.tests.ps1" assertions="0" time="0.010" />
    <testcase name="Docker.mssql2019.should have a description" status="Passed" classname="/home/james/repos/db-lab/.pwsh/pester/repo.tests.ps1" assertions="0" time="0.009" />
    <testcase name="Docker.mssql2019.should have a type" status="Passed" classname="/home/james/repos/db-lab/.pwsh/pester/repo.tests.ps1" assertions="0" time="0.012" />
    <testcase name="Docker.mssql2019.should have a valid type" status="Passed" classname="/home/james/repos/db-lab/.pwsh/pester/repo.tests.ps1" assertions="0" time="0.011" />
    <testcase name="Docker.mssql2019.should have a homepage" status="Passed" classname="/home/james/repos/db-lab/.pwsh/pester/repo.tests.ps1" assertions="0" time="0.010" />
    <testcase name="Docker.mssql2019.should have a registry" status="Passed" classname="/home/james/repos/db-lab/.pwsh/pester/repo.tests.ps1" assertions="0" time="0.008" />
    <testcase name="Docker.mssql2019.should have a repository" status="Passed" classname="/home/james/repos/db-lab/.pwsh/pester/repo.tests.ps1" assertions="0" time="0.008" />
    <testcase name="Docker.mssql2019.should have a dbdb link" status="Passed" classname="/home/james/repos/db-lab/.pwsh/pester/repo.tests.ps1" assertions="0" time="0.009" />
    <testcase name="Docker.mssql2019.should have a tests folder" status="Passed" classname="/home/james/repos/db-lab/.pwsh/pester/repo.tests.ps1" assertions="0" time="0.010" />
    <testcase name="Docker.mssql2019.should have a go test" status="Failed" classname="/home/james/repos/db-lab/.pwsh/pester/repo.tests.ps1" assertions="0" time="0.020">
      <failure message="Expected path 'tests/go' to exist, but it did not exist.">at "tests/go" | Should -Exist, /home/james/repos/db-lab/.pwsh/pester/repo.tests.ps1:87
at &lt;ScriptBlock&gt;, /home/james/repos/db-lab/.pwsh/pester/repo.tests.ps1:87</failure>
    </testcase>
    <testcase name="Docker.mssql2019.should have a powershell test" status="Passed" classname="/home/james/repos/db-lab/.pwsh/pester/repo.tests.ps1" assertions="0" time="0.010" />
    <testcase name="Docker.mssql2019.should have a python test" status="Passed" classname="/home/james/repos/db-lab/.pwsh/pester/repo.tests.ps1" assertions="0" time="0.007" />
    <testcase name="Docker.mssql2019.should have a backup script" status="Failed" classname="/home/james/repos/db-lab/.pwsh/pester/repo.tests.ps1" assertions="0" time="0.018">
      <failure message="Expected path 'backup.sh' to exist, but it did not exist.">at "backup.sh" | Should -Exist, /home/james/repos/db-lab/.pwsh/pester/repo.tests.ps1:105
at &lt;ScriptBlock&gt;, /home/james/repos/db-lab/.pwsh/pester/repo.tests.ps1:105</failure>
    </testcase>
    <testcase name="Docker.mssql2019.should not have a sample script" status="Passed" classname="/home/james/repos/db-lab/.pwsh/pester/repo.tests.ps1" assertions="0" time="0.005" />
    <testcase name="Docker.mssql2022.contains docker-compose.yml" status="Passed" classname="/home/james/repos/db-lab/.pwsh/pester/repo.tests.ps1" assertions="0" time="0.007" />
    <testcase name="Docker.mssql2022.doesn't contain a dockerfile" status="Passed" classname="/home/james/repos/db-lab/.pwsh/pester/repo.tests.ps1" assertions="0" time="0.010" />
    <testcase name="Docker.mssql2022.contains info.json" status="Passed" classname="/home/james/repos/db-lab/.pwsh/pester/repo.tests.ps1" assertions="0" time="0.008" />
    <testcase name="Docker.mssql2022.should have a title" status="Passed" classname="/home/james/repos/db-lab/.pwsh/pester/repo.tests.ps1" assertions="0" time="0.005" />
    <testcase name="Docker.mssql2022.should have a description" status="Passed" classname="/home/james/repos/db-lab/.pwsh/pester/repo.tests.ps1" assertions="0" time="0.006" />
    <testcase name="Docker.mssql2022.should have a type" status="Passed" classname="/home/james/repos/db-lab/.pwsh/pester/repo.tests.ps1" assertions="0" time="0.011" />
    <testcase name="Docker.mssql2022.should have a valid type" status="Passed" classname="/home/james/repos/db-lab/.pwsh/pester/repo.tests.ps1" assertions="0" time="0.007" />
    <testcase name="Docker.mssql2022.should have a homepage" status="Passed" classname="/home/james/repos/db-lab/.pwsh/pester/repo.tests.ps1" assertions="0" time="0.009" />
    <testcase name="Docker.mssql2022.should have a registry" status="Passed" classname="/home/james/repos/db-lab/.pwsh/pester/repo.tests.ps1" assertions="0" time="0.010" />
    <testcase name="Docker.mssql2022.should have a repository" status="Passed" classname="/home/james/repos/db-lab/.pwsh/pester/repo.tests.ps1" assertions="0" time="0.005" />
    <testcase name="Docker.mssql2022.should have a dbdb link" status="Passed" classname="/home/james/repos/db-lab/.pwsh/pester/repo.tests.ps1" assertions="0" time="0.008" />
    <testcase name="Docker.mssql2022.should have a tests folder" status="Passed" classname="/home/james/repos/db-lab/.pwsh/pester/repo.tests.ps1" assertions="0" time="0.007" />
    <testcase name="Docker.mssql2022.should have a go test" status="Failed" classname="/home/james/repos/db-lab/.pwsh/pester/repo.tests.ps1" assertions="0" time="0.021">
      <failure message="Expected path 'tests/go' to exist, but it did not exist.">at "tests/go" | Should -Exist, /home/james/repos/db-lab/.pwsh/pester/repo.tests.ps1:87
at &lt;ScriptBlock&gt;, /home/james/repos/db-lab/.pwsh/pester/repo.tests.ps1:87</failure>
    </testcase>
    <testcase name="Docker.mssql2022.should have a powershell test" status="Passed" classname="/home/james/repos/db-lab/.pwsh/pester/repo.tests.ps1" assertions="0" time="0.009" />
    <testcase name="Docker.mssql2022.should have a python test" status="Passed" classname="/home/james/repos/db-lab/.pwsh/pester/repo.tests.ps1" assertions="0" time="0.009" />
    <testcase name="Docker.mssql2022.should have a backup script" status="Failed" classname="/home/james/repos/db-lab/.pwsh/pester/repo.tests.ps1" assertions="0" time="0.023">
      <failure message="Expected path 'backup.sh' to exist, but it did not exist.">at "backup.sh" | Should -Exist, /home/james/repos/db-lab/.pwsh/pester/repo.tests.ps1:105
at &lt;ScriptBlock&gt;, /home/james/repos/db-lab/.pwsh/pester/repo.tests.ps1:105</failure>
    </testcase>
    <testcase name="Docker.mssql2022.should not have a sample script" status="Passed" classname="/home/james/repos/db-lab/.pwsh/pester/repo.tests.ps1" assertions="0" time="0.009" />
    <testcase name="Docker.mssql2025.contains docker-compose.yml" status="Passed" classname="/home/james/repos/db-lab/.pwsh/pester/repo.tests.ps1" assertions="0" time="0.011" />
    <testcase name="Docker.mssql2025.doesn't contain a dockerfile" status="Passed" classname="/home/james/repos/db-lab/.pwsh/pester/repo.tests.ps1" assertions="0" time="0.010" />
    <testcase name="Docker.mssql2025.contains info.json" status="Passed" classname="/home/james/repos/db-lab/.pwsh/pester/repo.tests.ps1" assertions="0" time="0.009" />
    <testcase name="Docker.mssql2025.should have a title" status="Passed" classname="/home/james/repos/db-lab/.pwsh/pester/repo.tests.ps1" assertions="0" time="0.010" />
    <testcase name="Docker.mssql2025.should have a description" status="Passed" classname="/home/james/repos/db-lab/.pwsh/pester/repo.tests.ps1" assertions="0" time="0.009" />
    <testcase name="Docker.mssql2025.should have a type" status="Passed" classname="/home/james/repos/db-lab/.pwsh/pester/repo.tests.ps1" assertions="0" time="0.012" />
    <testcase name="Docker.mssql2025.should have a valid type" status="Passed" classname="/home/james/repos/db-lab/.pwsh/pester/repo.tests.ps1" assertions="0" time="0.009" />
    <testcase name="Docker.mssql2025.should have a homepage" status="Passed" classname="/home/james/repos/db-lab/.pwsh/pester/repo.tests.ps1" assertions="0" time="0.009" />
    <testcase name="Docker.mssql2025.should have a registry" status="Passed" classname="/home/james/repos/db-lab/.pwsh/pester/repo.tests.ps1" assertions="0" time="0.012" />
    <testcase name="Docker.mssql2025.should have a repository" status="Passed" classname="/home/james/repos/db-lab/.pwsh/pester/repo.tests.ps1" assertions="0" time="0.006" />
    <testcase name="Docker.mssql2025.should have a dbdb link" status="Passed" classname="/home/james/repos/db-lab/.pwsh/pester/repo.tests.ps1" assertions="0" time="0.009" />
    <testcase name="Docker.mssql2025.should have a tests folder" status="Passed" classname="/home/james/repos/db-lab/.pwsh/pester/repo.tests.ps1" assertions="0" time="0.006" />
    <testcase name="Docker.mssql2025.should have a go test" status="Failed" classname="/home/james/repos/db-lab/.pwsh/pester/repo.tests.ps1" assertions="0" time="0.017">
      <failure message="Expected path 'tests/go' to exist, but it did not exist.">at "tests/go" | Should -Exist, /home/james/repos/db-lab/.pwsh/pester/repo.tests.ps1:87
at &lt;ScriptBlock&gt;, /home/james/repos/db-lab/.pwsh/pester/repo.tests.ps1:87</failure>
    </testcase>
    <testcase name="Docker.mssql2025.should have a powershell test" status="Passed" classname="/home/james/repos/db-lab/.pwsh/pester/repo.tests.ps1" assertions="0" time="0.008" />
    <testcase name="Docker.mssql2025.should have a python test" status="Passed" classname="/home/james/repos/db-lab/.pwsh/pester/repo.tests.ps1" assertions="0" time="0.010" />
    <testcase name="Docker.mssql2025.should have a backup script" status="Failed" classname="/home/james/repos/db-lab/.pwsh/pester/repo.tests.ps1" assertions="0" time="0.023">
      <failure message="Expected path 'backup.sh' to exist, but it did not exist.">at "backup.sh" | Should -Exist, /home/james/repos/db-lab/.pwsh/pester/repo.tests.ps1:105
at &lt;ScriptBlock&gt;, /home/james/repos/db-lab/.pwsh/pester/repo.tests.ps1:105</failure>
    </testcase>
    <testcase name="Docker.mssql2025.should not have a sample script" status="Passed" classname="/home/james/repos/db-lab/.pwsh/pester/repo.tests.ps1" assertions="0" time="0.010" />
    <testcase name="Docker.mysql57.contains docker-compose.yml" status="Passed" classname="/home/james/repos/db-lab/.pwsh/pester/repo.tests.ps1" assertions="0" time="0.010" />
    <testcase name="Docker.mysql57.doesn't contain a dockerfile" status="Passed" classname="/home/james/repos/db-lab/.pwsh/pester/repo.tests.ps1" assertions="0" time="0.009" />
    <testcase name="Docker.mysql57.contains info.json" status="Passed" classname="/home/james/repos/db-lab/.pwsh/pester/repo.tests.ps1" assertions="0" time="0.013" />
    <testcase name="Docker.mysql57.should have a title" status="Passed" classname="/home/james/repos/db-lab/.pwsh/pester/repo.tests.ps1" assertions="0" time="0.008" />
    <testcase name="Docker.mysql57.should have a description" status="Passed" classname="/home/james/repos/db-lab/.pwsh/pester/repo.tests.ps1" assertions="0" time="0.010" />
    <testcase name="Docker.mysql57.should have a type" status="Passed" classname="/home/james/repos/db-lab/.pwsh/pester/repo.tests.ps1" assertions="0" time="0.008" />
    <testcase name="Docker.mysql57.should have a valid type" status="Passed" classname="/home/james/repos/db-lab/.pwsh/pester/repo.tests.ps1" assertions="0" time="0.007" />
    <testcase name="Docker.mysql57.should have a homepage" status="Passed" classname="/home/james/repos/db-lab/.pwsh/pester/repo.tests.ps1" assertions="0" time="0.007" />
    <testcase name="Docker.mysql57.should have a registry" status="Passed" classname="/home/james/repos/db-lab/.pwsh/pester/repo.tests.ps1" assertions="0" time="0.011" />
    <testcase name="Docker.mysql57.should have a repository" status="Passed" classname="/home/james/repos/db-lab/.pwsh/pester/repo.tests.ps1" assertions="0" time="0.009" />
    <testcase name="Docker.mysql57.should have a dbdb link" status="Passed" classname="/home/james/repos/db-lab/.pwsh/pester/repo.tests.ps1" assertions="0" time="0.009" />
    <testcase name="Docker.mysql57.should have a tests folder" status="Failed" classname="/home/james/repos/db-lab/.pwsh/pester/repo.tests.ps1" assertions="0" time="0.021">
      <failure message="Expected path 'tests' to exist, but it did not exist.">at "tests" | Should -Exist, /home/james/repos/db-lab/.pwsh/pester/repo.tests.ps1:81
at &lt;ScriptBlock&gt;, /home/james/repos/db-lab/.pwsh/pester/repo.tests.ps1:81</failure>
    </testcase>
    <testcase name="Docker.mysql57.should have a go test" status="Failed" classname="/home/james/repos/db-lab/.pwsh/pester/repo.tests.ps1" assertions="0" time="0.023">
      <failure message="Expected path 'tests/go' to exist, but it did not exist.">at "tests/go" | Should -Exist, /home/james/repos/db-lab/.pwsh/pester/repo.tests.ps1:87
at &lt;ScriptBlock&gt;, /home/james/repos/db-lab/.pwsh/pester/repo.tests.ps1:87</failure>
    </testcase>
    <testcase name="Docker.mysql57.should have a powershell test" status="Failed" classname="/home/james/repos/db-lab/.pwsh/pester/repo.tests.ps1" assertions="0" time="0.030">
      <failure message="Expected path 'tests/powershell' to exist, but it did not exist.">at "tests/powershell" | Should -Exist, /home/james/repos/db-lab/.pwsh/pester/repo.tests.ps1:93
at &lt;ScriptBlock&gt;, /home/james/repos/db-lab/.pwsh/pester/repo.tests.ps1:93</failure>
    </testcase>
    <testcase name="Docker.mysql57.should have a python test" status="Failed" classname="/home/james/repos/db-lab/.pwsh/pester/repo.tests.ps1" assertions="0" time="0.025">
      <failure message="Expected path 'tests/python' to exist, but it did not exist.">at "tests/python" | Should -Exist, /home/james/repos/db-lab/.pwsh/pester/repo.tests.ps1:99
at &lt;ScriptBlock&gt;, /home/james/repos/db-lab/.pwsh/pester/repo.tests.ps1:99</failure>
    </testcase>
    <testcase name="Docker.mysql57.should have a backup script" status="Failed" classname="/home/james/repos/db-lab/.pwsh/pester/repo.tests.ps1" assertions="0" time="0.024">
      <failure message="Expected path 'backup.sh' to exist, but it did not exist.">at "backup.sh" | Should -Exist, /home/james/repos/db-lab/.pwsh/pester/repo.tests.ps1:105
at &lt;ScriptBlock&gt;, /home/james/repos/db-lab/.pwsh/pester/repo.tests.ps1:105</failure>
    </testcase>
    <testcase name="Docker.mysql57.should not have a sample script" status="Passed" classname="/home/james/repos/db-lab/.pwsh/pester/repo.tests.ps1" assertions="0" time="0.008" />
    <testcase name="Docker.mysql8.contains docker-compose.yml" status="Passed" classname="/home/james/repos/db-lab/.pwsh/pester/repo.tests.ps1" assertions="0" time="0.006" />
    <testcase name="Docker.mysql8.doesn't contain a dockerfile" status="Passed" classname="/home/james/repos/db-lab/.pwsh/pester/repo.tests.ps1" assertions="0" time="0.008" />
    <testcase name="Docker.mysql8.contains info.json" status="Passed" classname="/home/james/repos/db-lab/.pwsh/pester/repo.tests.ps1" assertions="0" time="0.010" />
    <testcase name="Docker.mysql8.should have a title" status="Passed" classname="/home/james/repos/db-lab/.pwsh/pester/repo.tests.ps1" assertions="0" time="0.007" />
    <testcase name="Docker.mysql8.should have a description" status="Passed" classname="/home/james/repos/db-lab/.pwsh/pester/repo.tests.ps1" assertions="0" time="0.005" />
    <testcase name="Docker.mysql8.should have a type" status="Passed" classname="/home/james/repos/db-lab/.pwsh/pester/repo.tests.ps1" assertions="0" time="0.007" />
    <testcase name="Docker.mysql8.should have a valid type" status="Passed" classname="/home/james/repos/db-lab/.pwsh/pester/repo.tests.ps1" assertions="0" time="0.005" />
    <testcase name="Docker.mysql8.should have a homepage" status="Passed" classname="/home/james/repos/db-lab/.pwsh/pester/repo.tests.ps1" assertions="0" time="0.006" />
    <testcase name="Docker.mysql8.should have a registry" status="Passed" classname="/home/james/repos/db-lab/.pwsh/pester/repo.tests.ps1" assertions="0" time="0.005" />
    <testcase name="Docker.mysql8.should have a repository" status="Passed" classname="/home/james/repos/db-lab/.pwsh/pester/repo.tests.ps1" assertions="0" time="0.005" />
    <testcase name="Docker.mysql8.should have a dbdb link" status="Passed" classname="/home/james/repos/db-lab/.pwsh/pester/repo.tests.ps1" assertions="0" time="0.006" />
    <testcase name="Docker.mysql8.should have a tests folder" status="Failed" classname="/home/james/repos/db-lab/.pwsh/pester/repo.tests.ps1" assertions="0" time="0.016">
      <failure message="Expected path 'tests' to exist, but it did not exist.">at "tests" | Should -Exist, /home/james/repos/db-lab/.pwsh/pester/repo.tests.ps1:81
at &lt;ScriptBlock&gt;, /home/james/repos/db-lab/.pwsh/pester/repo.tests.ps1:81</failure>
    </testcase>
    <testcase name="Docker.mysql8.should have a go test" status="Failed" classname="/home/james/repos/db-lab/.pwsh/pester/repo.tests.ps1" assertions="0" time="0.023">
      <failure message="Expected path 'tests/go' to exist, but it did not exist.">at "tests/go" | Should -Exist, /home/james/repos/db-lab/.pwsh/pester/repo.tests.ps1:87
at &lt;ScriptBlock&gt;, /home/james/repos/db-lab/.pwsh/pester/repo.tests.ps1:87</failure>
    </testcase>
    <testcase name="Docker.mysql8.should have a powershell test" status="Failed" classname="/home/james/repos/db-lab/.pwsh/pester/repo.tests.ps1" assertions="0" time="0.028">
      <failure message="Expected path 'tests/powershell' to exist, but it did not exist.">at "tests/powershell" | Should -Exist, /home/james/repos/db-lab/.pwsh/pester/repo.tests.ps1:93
at &lt;ScriptBlock&gt;, /home/james/repos/db-lab/.pwsh/pester/repo.tests.ps1:93</failure>
    </testcase>
    <testcase name="Docker.mysql8.should have a python test" status="Failed" classname="/home/james/repos/db-lab/.pwsh/pester/repo.tests.ps1" assertions="0" time="0.029">
      <failure message="Expected path 'tests/python' to exist, but it did not exist.">at "tests/python" | Should -Exist, /home/james/repos/db-lab/.pwsh/pester/repo.tests.ps1:99
at &lt;ScriptBlock&gt;, /home/james/repos/db-lab/.pwsh/pester/repo.tests.ps1:99</failure>
    </testcase>
    <testcase name="Docker.mysql8.should have a backup script" status="Failed" classname="/home/james/repos/db-lab/.pwsh/pester/repo.tests.ps1" assertions="0" time="0.025">
      <failure message="Expected path 'backup.sh' to exist, but it did not exist.">at "backup.sh" | Should -Exist, /home/james/repos/db-lab/.pwsh/pester/repo.tests.ps1:105
at &lt;ScriptBlock&gt;, /home/james/repos/db-lab/.pwsh/pester/repo.tests.ps1:105</failure>
    </testcase>
    <testcase name="Docker.mysql8.should not have a sample script" status="Passed" classname="/home/james/repos/db-lab/.pwsh/pester/repo.tests.ps1" assertions="0" time="0.016" />
    <testcase name="Docker.mysql84.contains docker-compose.yml" status="Passed" classname="/home/james/repos/db-lab/.pwsh/pester/repo.tests.ps1" assertions="0" time="0.006" />
    <testcase name="Docker.mysql84.doesn't contain a dockerfile" status="Passed" classname="/home/james/repos/db-lab/.pwsh/pester/repo.tests.ps1" assertions="0" time="0.007" />
    <testcase name="Docker.mysql84.contains info.json" status="Passed" classname="/home/james/repos/db-lab/.pwsh/pester/repo.tests.ps1" assertions="0" time="0.007" />
    <testcase name="Docker.mysql84.should have a title" status="Passed" classname="/home/james/repos/db-lab/.pwsh/pester/repo.tests.ps1" assertions="0" time="0.010" />
    <testcase name="Docker.mysql84.should have a description" status="Passed" classname="/home/james/repos/db-lab/.pwsh/pester/repo.tests.ps1" assertions="0" time="0.008" />
    <testcase name="Docker.mysql84.should have a type" status="Passed" classname="/home/james/repos/db-lab/.pwsh/pester/repo.tests.ps1" assertions="0" time="0.009" />
    <testcase name="Docker.mysql84.should have a valid type" status="Passed" classname="/home/james/repos/db-lab/.pwsh/pester/repo.tests.ps1" assertions="0" time="0.006" />
    <testcase name="Docker.mysql84.should have a homepage" status="Passed" classname="/home/james/repos/db-lab/.pwsh/pester/repo.tests.ps1" assertions="0" time="0.008" />
    <testcase name="Docker.mysql84.should have a registry" status="Passed" classname="/home/james/repos/db-lab/.pwsh/pester/repo.tests.ps1" assertions="0" time="0.007" />
    <testcase name="Docker.mysql84.should have a repository" status="Passed" classname="/home/james/repos/db-lab/.pwsh/pester/repo.tests.ps1" assertions="0" time="0.008" />
    <testcase name="Docker.mysql84.should have a dbdb link" status="Passed" classname="/home/james/repos/db-lab/.pwsh/pester/repo.tests.ps1" assertions="0" time="0.009" />
    <testcase name="Docker.mysql84.should have a tests folder" status="Failed" classname="/home/james/repos/db-lab/.pwsh/pester/repo.tests.ps1" assertions="0" time="0.022">
      <failure message="Expected path 'tests' to exist, but it did not exist.">at "tests" | Should -Exist, /home/james/repos/db-lab/.pwsh/pester/repo.tests.ps1:81
at &lt;ScriptBlock&gt;, /home/james/repos/db-lab/.pwsh/pester/repo.tests.ps1:81</failure>
    </testcase>
    <testcase name="Docker.mysql84.should have a go test" status="Failed" classname="/home/james/repos/db-lab/.pwsh/pester/repo.tests.ps1" assertions="0" time="0.020">
      <failure message="Expected path 'tests/go' to exist, but it did not exist.">at "tests/go" | Should -Exist, /home/james/repos/db-lab/.pwsh/pester/repo.tests.ps1:87
at &lt;ScriptBlock&gt;, /home/james/repos/db-lab/.pwsh/pester/repo.tests.ps1:87</failure>
    </testcase>
    <testcase name="Docker.mysql84.should have a powershell test" status="Failed" classname="/home/james/repos/db-lab/.pwsh/pester/repo.tests.ps1" assertions="0" time="0.020">
      <failure message="Expected path 'tests/powershell' to exist, but it did not exist.">at "tests/powershell" | Should -Exist, /home/james/repos/db-lab/.pwsh/pester/repo.tests.ps1:93
at &lt;ScriptBlock&gt;, /home/james/repos/db-lab/.pwsh/pester/repo.tests.ps1:93</failure>
    </testcase>
    <testcase name="Docker.mysql84.should have a python test" status="Failed" classname="/home/james/repos/db-lab/.pwsh/pester/repo.tests.ps1" assertions="0" time="0.020">
      <failure message="Expected path 'tests/python' to exist, but it did not exist.">at "tests/python" | Should -Exist, /home/james/repos/db-lab/.pwsh/pester/repo.tests.ps1:99
at &lt;ScriptBlock&gt;, /home/james/repos/db-lab/.pwsh/pester/repo.tests.ps1:99</failure>
    </testcase>
    <testcase name="Docker.mysql84.should have a backup script" status="Failed" classname="/home/james/repos/db-lab/.pwsh/pester/repo.tests.ps1" assertions="0" time="0.021">
      <failure message="Expected path 'backup.sh' to exist, but it did not exist.">at "backup.sh" | Should -Exist, /home/james/repos/db-lab/.pwsh/pester/repo.tests.ps1:105
at &lt;ScriptBlock&gt;, /home/james/repos/db-lab/.pwsh/pester/repo.tests.ps1:105</failure>
    </testcase>
    <testcase name="Docker.mysql84.should not have a sample script" status="Passed" classname="/home/james/repos/db-lab/.pwsh/pester/repo.tests.ps1" assertions="0" time="0.009" />
    <testcase name="Docker.mysql9.contains docker-compose.yml" status="Passed" classname="/home/james/repos/db-lab/.pwsh/pester/repo.tests.ps1" assertions="0" time="0.010" />
    <testcase name="Docker.mysql9.doesn't contain a dockerfile" status="Passed" classname="/home/james/repos/db-lab/.pwsh/pester/repo.tests.ps1" assertions="0" time="0.011" />
    <testcase name="Docker.mysql9.contains info.json" status="Passed" classname="/home/james/repos/db-lab/.pwsh/pester/repo.tests.ps1" assertions="0" time="0.012" />
    <testcase name="Docker.mysql9.should have a title" status="Passed" classname="/home/james/repos/db-lab/.pwsh/pester/repo.tests.ps1" assertions="0" time="0.007" />
    <testcase name="Docker.mysql9.should have a description" status="Passed" classname="/home/james/repos/db-lab/.pwsh/pester/repo.tests.ps1" assertions="0" time="0.009" />
    <testcase name="Docker.mysql9.should have a type" status="Passed" classname="/home/james/repos/db-lab/.pwsh/pester/repo.tests.ps1" assertions="0" time="0.006" />
    <testcase name="Docker.mysql9.should have a valid type" status="Passed" classname="/home/james/repos/db-lab/.pwsh/pester/repo.tests.ps1" assertions="0" time="0.007" />
    <testcase name="Docker.mysql9.should have a homepage" status="Passed" classname="/home/james/repos/db-lab/.pwsh/pester/repo.tests.ps1" assertions="0" time="0.009" />
    <testcase name="Docker.mysql9.should have a registry" status="Passed" classname="/home/james/repos/db-lab/.pwsh/pester/repo.tests.ps1" assertions="0" time="0.006" />
    <testcase name="Docker.mysql9.should have a repository" status="Passed" classname="/home/james/repos/db-lab/.pwsh/pester/repo.tests.ps1" assertions="0" time="0.008" />
    <testcase name="Docker.mysql9.should have a dbdb link" status="Passed" classname="/home/james/repos/db-lab/.pwsh/pester/repo.tests.ps1" assertions="0" time="0.006" />
    <testcase name="Docker.mysql9.should have a tests folder" status="Failed" classname="/home/james/repos/db-lab/.pwsh/pester/repo.tests.ps1" assertions="0" time="0.019">
      <failure message="Expected path 'tests' to exist, but it did not exist.">at "tests" | Should -Exist, /home/james/repos/db-lab/.pwsh/pester/repo.tests.ps1:81
at &lt;ScriptBlock&gt;, /home/james/repos/db-lab/.pwsh/pester/repo.tests.ps1:81</failure>
    </testcase>
    <testcase name="Docker.mysql9.should have a go test" status="Failed" classname="/home/james/repos/db-lab/.pwsh/pester/repo.tests.ps1" assertions="0" time="0.021">
      <failure message="Expected path 'tests/go' to exist, but it did not exist.">at "tests/go" | Should -Exist, /home/james/repos/db-lab/.pwsh/pester/repo.tests.ps1:87
at &lt;ScriptBlock&gt;, /home/james/repos/db-lab/.pwsh/pester/repo.tests.ps1:87</failure>
    </testcase>
    <testcase name="Docker.mysql9.should have a powershell test" status="Failed" classname="/home/james/repos/db-lab/.pwsh/pester/repo.tests.ps1" assertions="0" time="0.018">
      <failure message="Expected path 'tests/powershell' to exist, but it did not exist.">at "tests/powershell" | Should -Exist, /home/james/repos/db-lab/.pwsh/pester/repo.tests.ps1:93
at &lt;ScriptBlock&gt;, /home/james/repos/db-lab/.pwsh/pester/repo.tests.ps1:93</failure>
    </testcase>
    <testcase name="Docker.mysql9.should have a python test" status="Failed" classname="/home/james/repos/db-lab/.pwsh/pester/repo.tests.ps1" assertions="0" time="0.014">
      <failure message="Expected path 'tests/python' to exist, but it did not exist.">at "tests/python" | Should -Exist, /home/james/repos/db-lab/.pwsh/pester/repo.tests.ps1:99
at &lt;ScriptBlock&gt;, /home/james/repos/db-lab/.pwsh/pester/repo.tests.ps1:99</failure>
    </testcase>
    <testcase name="Docker.mysql9.should have a backup script" status="Failed" classname="/home/james/repos/db-lab/.pwsh/pester/repo.tests.ps1" assertions="0" time="0.019">
      <failure message="Expected path 'backup.sh' to exist, but it did not exist.">at "backup.sh" | Should -Exist, /home/james/repos/db-lab/.pwsh/pester/repo.tests.ps1:105
at &lt;ScriptBlock&gt;, /home/james/repos/db-lab/.pwsh/pester/repo.tests.ps1:105</failure>
    </testcase>
    <testcase name="Docker.mysql9.should not have a sample script" status="Passed" classname="/home/james/repos/db-lab/.pwsh/pester/repo.tests.ps1" assertions="0" time="0.012" />
    <testcase name="Docker.neo4j.contains docker-compose.yml" status="Passed" classname="/home/james/repos/db-lab/.pwsh/pester/repo.tests.ps1" assertions="0" time="0.010" />
    <testcase name="Docker.neo4j.doesn't contain a dockerfile" status="Passed" classname="/home/james/repos/db-lab/.pwsh/pester/repo.tests.ps1" assertions="0" time="0.017" />
    <testcase name="Docker.neo4j.contains info.json" status="Passed" classname="/home/james/repos/db-lab/.pwsh/pester/repo.tests.ps1" assertions="0" time="0.021" />
    <testcase name="Docker.neo4j.should have a title" status="Passed" classname="/home/james/repos/db-lab/.pwsh/pester/repo.tests.ps1" assertions="0" time="0.013" />
    <testcase name="Docker.neo4j.should have a description" status="Passed" classname="/home/james/repos/db-lab/.pwsh/pester/repo.tests.ps1" assertions="0" time="0.014" />
    <testcase name="Docker.neo4j.should have a type" status="Passed" classname="/home/james/repos/db-lab/.pwsh/pester/repo.tests.ps1" assertions="0" time="0.007" />
    <testcase name="Docker.neo4j.should have a valid type" status="Passed" classname="/home/james/repos/db-lab/.pwsh/pester/repo.tests.ps1" assertions="0" time="0.012" />
    <testcase name="Docker.neo4j.should have a homepage" status="Passed" classname="/home/james/repos/db-lab/.pwsh/pester/repo.tests.ps1" assertions="0" time="0.009" />
    <testcase name="Docker.neo4j.should have a registry" status="Passed" classname="/home/james/repos/db-lab/.pwsh/pester/repo.tests.ps1" assertions="0" time="0.009" />
    <testcase name="Docker.neo4j.should have a repository" status="Passed" classname="/home/james/repos/db-lab/.pwsh/pester/repo.tests.ps1" assertions="0" time="0.013" />
    <testcase name="Docker.neo4j.should have a dbdb link" status="Passed" classname="/home/james/repos/db-lab/.pwsh/pester/repo.tests.ps1" assertions="0" time="0.008" />
    <testcase name="Docker.neo4j.should have a tests folder" status="Passed" classname="/home/james/repos/db-lab/.pwsh/pester/repo.tests.ps1" assertions="0" time="0.011" />
    <testcase name="Docker.neo4j.should have a go test" status="Failed" classname="/home/james/repos/db-lab/.pwsh/pester/repo.tests.ps1" assertions="0" time="0.018">
      <failure message="Expected path 'tests/go' to exist, but it did not exist.">at "tests/go" | Should -Exist, /home/james/repos/db-lab/.pwsh/pester/repo.tests.ps1:87
at &lt;ScriptBlock&gt;, /home/james/repos/db-lab/.pwsh/pester/repo.tests.ps1:87</failure>
    </testcase>
    <testcase name="Docker.neo4j.should have a powershell test" status="Passed" classname="/home/james/repos/db-lab/.pwsh/pester/repo.tests.ps1" assertions="0" time="0.006" />
    <testcase name="Docker.neo4j.should have a python test" status="Failed" classname="/home/james/repos/db-lab/.pwsh/pester/repo.tests.ps1" assertions="0" time="0.012">
      <failure message="Expected path 'tests/python' to exist, but it did not exist.">at "tests/python" | Should -Exist, /home/james/repos/db-lab/.pwsh/pester/repo.tests.ps1:99
at &lt;ScriptBlock&gt;, /home/james/repos/db-lab/.pwsh/pester/repo.tests.ps1:99</failure>
    </testcase>
    <testcase name="Docker.neo4j.should have a backup script" status="Passed" classname="/home/james/repos/db-lab/.pwsh/pester/repo.tests.ps1" assertions="0" time="0.005" />
    <testcase name="Docker.neo4j.should not have a sample script" status="Passed" classname="/home/james/repos/db-lab/.pwsh/pester/repo.tests.ps1" assertions="0" time="0.005" />
    <testcase name="Docker.pgadmin.contains docker-compose.yml" status="Passed" classname="/home/james/repos/db-lab/.pwsh/pester/repo.tests.ps1" assertions="0" time="0.005" />
    <testcase name="Docker.pgadmin.doesn't contain a dockerfile" status="Passed" classname="/home/james/repos/db-lab/.pwsh/pester/repo.tests.ps1" assertions="0" time="0.008" />
    <testcase name="Docker.pgadmin.contains info.json" status="Passed" classname="/home/james/repos/db-lab/.pwsh/pester/repo.tests.ps1" assertions="0" time="0.005" />
    <testcase name="Docker.pgadmin.should have a title" status="Passed" classname="/home/james/repos/db-lab/.pwsh/pester/repo.tests.ps1" assertions="0" time="0.007" />
    <testcase name="Docker.pgadmin.should have a description" status="Passed" classname="/home/james/repos/db-lab/.pwsh/pester/repo.tests.ps1" assertions="0" time="0.005" />
    <testcase name="Docker.pgadmin.should have a type" status="Passed" classname="/home/james/repos/db-lab/.pwsh/pester/repo.tests.ps1" assertions="0" time="0.004" />
    <testcase name="Docker.pgadmin.should have a valid type" status="Passed" classname="/home/james/repos/db-lab/.pwsh/pester/repo.tests.ps1" assertions="0" time="0.008" />
    <testcase name="Docker.pgadmin.should have a homepage" status="Passed" classname="/home/james/repos/db-lab/.pwsh/pester/repo.tests.ps1" assertions="0" time="0.005" />
    <testcase name="Docker.pgadmin.should have a registry" status="Passed" classname="/home/james/repos/db-lab/.pwsh/pester/repo.tests.ps1" assertions="0" time="0.006" />
    <testcase name="Docker.pgadmin.should have a repository" status="Passed" classname="/home/james/repos/db-lab/.pwsh/pester/repo.tests.ps1" assertions="0" time="0.005" />
    <testcase name="Docker.pgadmin.should have a dbdb link" status="Passed" classname="/home/james/repos/db-lab/.pwsh/pester/repo.tests.ps1" assertions="0" time="0.005" />
    <testcase name="Docker.pgadmin.should have a tests folder" status="Passed" classname="/home/james/repos/db-lab/.pwsh/pester/repo.tests.ps1" assertions="0" time="0.007" />
    <testcase name="Docker.pgadmin.should have a go test" status="Passed" classname="/home/james/repos/db-lab/.pwsh/pester/repo.tests.ps1" assertions="0" time="0.004" />
    <testcase name="Docker.pgadmin.should have a powershell test" status="Passed" classname="/home/james/repos/db-lab/.pwsh/pester/repo.tests.ps1" assertions="0" time="0.004" />
    <testcase name="Docker.pgadmin.should have a python test" status="Passed" classname="/home/james/repos/db-lab/.pwsh/pester/repo.tests.ps1" assertions="0" time="0.007" />
    <testcase name="Docker.pgadmin.should have a backup script" status="Passed" classname="/home/james/repos/db-lab/.pwsh/pester/repo.tests.ps1" assertions="0" time="0.004" />
    <testcase name="Docker.pgadmin.should not have a sample script" status="Passed" classname="/home/james/repos/db-lab/.pwsh/pester/repo.tests.ps1" assertions="0" time="0.007" />
    <testcase name="Docker.pgweb.contains docker-compose.yml" status="Passed" classname="/home/james/repos/db-lab/.pwsh/pester/repo.tests.ps1" assertions="0" time="0.006" />
    <testcase name="Docker.pgweb.doesn't contain a dockerfile" status="Passed" classname="/home/james/repos/db-lab/.pwsh/pester/repo.tests.ps1" assertions="0" time="0.007" />
    <testcase name="Docker.pgweb.contains info.json" status="Passed" classname="/home/james/repos/db-lab/.pwsh/pester/repo.tests.ps1" assertions="0" time="0.006" />
    <testcase name="Docker.pgweb.should have a title" status="Passed" classname="/home/james/repos/db-lab/.pwsh/pester/repo.tests.ps1" assertions="0" time="0.006" />
    <testcase name="Docker.pgweb.should have a description" status="Passed" classname="/home/james/repos/db-lab/.pwsh/pester/repo.tests.ps1" assertions="0" time="0.006" />
    <testcase name="Docker.pgweb.should have a type" status="Passed" classname="/home/james/repos/db-lab/.pwsh/pester/repo.tests.ps1" assertions="0" time="0.006" />
    <testcase name="Docker.pgweb.should have a valid type" status="Passed" classname="/home/james/repos/db-lab/.pwsh/pester/repo.tests.ps1" assertions="0" time="0.007" />
    <testcase name="Docker.pgweb.should have a homepage" status="Passed" classname="/home/james/repos/db-lab/.pwsh/pester/repo.tests.ps1" assertions="0" time="0.005" />
    <testcase name="Docker.pgweb.should have a registry" status="Passed" classname="/home/james/repos/db-lab/.pwsh/pester/repo.tests.ps1" assertions="0" time="0.006" />
    <testcase name="Docker.pgweb.should have a repository" status="Passed" classname="/home/james/repos/db-lab/.pwsh/pester/repo.tests.ps1" assertions="0" time="0.006" />
    <testcase name="Docker.pgweb.should have a dbdb link" status="Passed" classname="/home/james/repos/db-lab/.pwsh/pester/repo.tests.ps1" assertions="0" time="0.003" />
    <testcase name="Docker.pgweb.should have a tests folder" status="Passed" classname="/home/james/repos/db-lab/.pwsh/pester/repo.tests.ps1" assertions="0" time="0.004" />
    <testcase name="Docker.pgweb.should have a go test" status="Passed" classname="/home/james/repos/db-lab/.pwsh/pester/repo.tests.ps1" assertions="0" time="0.008" />
    <testcase name="Docker.pgweb.should have a powershell test" status="Passed" classname="/home/james/repos/db-lab/.pwsh/pester/repo.tests.ps1" assertions="0" time="0.003" />
    <testcase name="Docker.pgweb.should have a python test" status="Passed" classname="/home/james/repos/db-lab/.pwsh/pester/repo.tests.ps1" assertions="0" time="0.004" />
    <testcase name="Docker.pgweb.should have a backup script" status="Passed" classname="/home/james/repos/db-lab/.pwsh/pester/repo.tests.ps1" assertions="0" time="0.007" />
    <testcase name="Docker.pgweb.should not have a sample script" status="Passed" classname="/home/james/repos/db-lab/.pwsh/pester/repo.tests.ps1" assertions="0" time="0.006" />
    <testcase name="Docker.phpmyadmin.contains docker-compose.yml" status="Passed" classname="/home/james/repos/db-lab/.pwsh/pester/repo.tests.ps1" assertions="0" time="0.005" />
    <testcase name="Docker.phpmyadmin.doesn't contain a dockerfile" status="Passed" classname="/home/james/repos/db-lab/.pwsh/pester/repo.tests.ps1" assertions="0" time="0.006" />
    <testcase name="Docker.phpmyadmin.contains info.json" status="Passed" classname="/home/james/repos/db-lab/.pwsh/pester/repo.tests.ps1" assertions="0" time="0.009" />
    <testcase name="Docker.phpmyadmin.should have a title" status="Passed" classname="/home/james/repos/db-lab/.pwsh/pester/repo.tests.ps1" assertions="0" time="0.005" />
    <testcase name="Docker.phpmyadmin.should have a description" status="Passed" classname="/home/james/repos/db-lab/.pwsh/pester/repo.tests.ps1" assertions="0" time="0.008" />
    <testcase name="Docker.phpmyadmin.should have a type" status="Passed" classname="/home/james/repos/db-lab/.pwsh/pester/repo.tests.ps1" assertions="0" time="0.005" />
    <testcase name="Docker.phpmyadmin.should have a valid type" status="Passed" classname="/home/james/repos/db-lab/.pwsh/pester/repo.tests.ps1" assertions="0" time="0.005" />
    <testcase name="Docker.phpmyadmin.should have a homepage" status="Passed" classname="/home/james/repos/db-lab/.pwsh/pester/repo.tests.ps1" assertions="0" time="0.009" />
    <testcase name="Docker.phpmyadmin.should have a registry" status="Passed" classname="/home/james/repos/db-lab/.pwsh/pester/repo.tests.ps1" assertions="0" time="0.007" />
    <testcase name="Docker.phpmyadmin.should have a repository" status="Passed" classname="/home/james/repos/db-lab/.pwsh/pester/repo.tests.ps1" assertions="0" time="0.012" />
    <testcase name="Docker.phpmyadmin.should have a dbdb link" status="Passed" classname="/home/james/repos/db-lab/.pwsh/pester/repo.tests.ps1" assertions="0" time="0.006" />
    <testcase name="Docker.phpmyadmin.should have a tests folder" status="Passed" classname="/home/james/repos/db-lab/.pwsh/pester/repo.tests.ps1" assertions="0" time="0.004" />
    <testcase name="Docker.phpmyadmin.should have a go test" status="Passed" classname="/home/james/repos/db-lab/.pwsh/pester/repo.tests.ps1" assertions="0" time="0.009" />
    <testcase name="Docker.phpmyadmin.should have a powershell test" status="Passed" classname="/home/james/repos/db-lab/.pwsh/pester/repo.tests.ps1" assertions="0" time="0.005" />
    <testcase name="Docker.phpmyadmin.should have a python test" status="Passed" classname="/home/james/repos/db-lab/.pwsh/pester/repo.tests.ps1" assertions="0" time="0.004" />
    <testcase name="Docker.phpmyadmin.should have a backup script" status="Passed" classname="/home/james/repos/db-lab/.pwsh/pester/repo.tests.ps1" assertions="0" time="0.003" />
    <testcase name="Docker.phpmyadmin.should not have a sample script" status="Passed" classname="/home/james/repos/db-lab/.pwsh/pester/repo.tests.ps1" assertions="0" time="0.008" />
    <testcase name="Docker.postgres-full.contains docker-compose.yml" status="Passed" classname="/home/james/repos/db-lab/.pwsh/pester/repo.tests.ps1" assertions="0" time="0.007" />
    <testcase name="Docker.postgres-full.doesn't contain a dockerfile" status="Passed" classname="/home/james/repos/db-lab/.pwsh/pester/repo.tests.ps1" assertions="0" time="0.006" />
    <testcase name="Docker.postgres-full.contains info.json" status="Passed" classname="/home/james/repos/db-lab/.pwsh/pester/repo.tests.ps1" assertions="0" time="0.006" />
    <testcase name="Docker.postgres-full.should have a title" status="Passed" classname="/home/james/repos/db-lab/.pwsh/pester/repo.tests.ps1" assertions="0" time="0.004" />
    <testcase name="Docker.postgres-full.should have a description" status="Passed" classname="/home/james/repos/db-lab/.pwsh/pester/repo.tests.ps1" assertions="0" time="0.005" />
    <testcase name="Docker.postgres-full.should have a type" status="Passed" classname="/home/james/repos/db-lab/.pwsh/pester/repo.tests.ps1" assertions="0" time="0.004" />
    <testcase name="Docker.postgres-full.should have a valid type" status="Passed" classname="/home/james/repos/db-lab/.pwsh/pester/repo.tests.ps1" assertions="0" time="0.005" />
    <testcase name="Docker.postgres-full.should have a homepage" status="Passed" classname="/home/james/repos/db-lab/.pwsh/pester/repo.tests.ps1" assertions="0" time="0.005" />
    <testcase name="Docker.postgres-full.should have a registry" status="Passed" classname="/home/james/repos/db-lab/.pwsh/pester/repo.tests.ps1" assertions="0" time="0.004" />
    <testcase name="Docker.postgres-full.should have a repository" status="Passed" classname="/home/james/repos/db-lab/.pwsh/pester/repo.tests.ps1" assertions="0" time="0.007" />
    <testcase name="Docker.postgres-full.should have a dbdb link" status="Passed" classname="/home/james/repos/db-lab/.pwsh/pester/repo.tests.ps1" assertions="0" time="0.006" />
    <testcase name="Docker.postgres-full.should have a tests folder" status="Passed" classname="/home/james/repos/db-lab/.pwsh/pester/repo.tests.ps1" assertions="0" time="0.007" />
    <testcase name="Docker.postgres-full.should have a go test" status="Passed" classname="/home/james/repos/db-lab/.pwsh/pester/repo.tests.ps1" assertions="0" time="0.007" />
    <testcase name="Docker.postgres-full.should have a powershell test" status="Passed" classname="/home/james/repos/db-lab/.pwsh/pester/repo.tests.ps1" assertions="0" time="0.006" />
    <testcase name="Docker.postgres-full.should have a python test" status="Passed" classname="/home/james/repos/db-lab/.pwsh/pester/repo.tests.ps1" assertions="0" time="0.007" />
    <testcase name="Docker.postgres-full.should have a backup script" status="Passed" classname="/home/james/repos/db-lab/.pwsh/pester/repo.tests.ps1" assertions="0" time="0.006" />
    <testcase name="Docker.postgres-full.should not have a sample script" status="Passed" classname="/home/james/repos/db-lab/.pwsh/pester/repo.tests.ps1" assertions="0" time="0.008" />
    <testcase name="Docker.postgres-ha.contains docker-compose.yml" status="Passed" classname="/home/james/repos/db-lab/.pwsh/pester/repo.tests.ps1" assertions="0" time="0.008" />
    <testcase name="Docker.postgres-ha.doesn't contain a dockerfile" status="Passed" classname="/home/james/repos/db-lab/.pwsh/pester/repo.tests.ps1" assertions="0" time="0.006" />
    <testcase name="Docker.postgres-ha.contains info.json" status="Passed" classname="/home/james/repos/db-lab/.pwsh/pester/repo.tests.ps1" assertions="0" time="0.006" />
    <testcase name="Docker.postgres-ha.should have a title" status="Passed" classname="/home/james/repos/db-lab/.pwsh/pester/repo.tests.ps1" assertions="0" time="0.009" />
    <testcase name="Docker.postgres-ha.should have a description" status="Passed" classname="/home/james/repos/db-lab/.pwsh/pester/repo.tests.ps1" assertions="0" time="0.005" />
    <testcase name="Docker.postgres-ha.should have a type" status="Passed" classname="/home/james/repos/db-lab/.pwsh/pester/repo.tests.ps1" assertions="0" time="0.009" />
    <testcase name="Docker.postgres-ha.should have a valid type" status="Passed" classname="/home/james/repos/db-lab/.pwsh/pester/repo.tests.ps1" assertions="0" time="0.005" />
    <testcase name="Docker.postgres-ha.should have a homepage" status="Passed" classname="/home/james/repos/db-lab/.pwsh/pester/repo.tests.ps1" assertions="0" time="0.004" />
    <testcase name="Docker.postgres-ha.should have a registry" status="Passed" classname="/home/james/repos/db-lab/.pwsh/pester/repo.tests.ps1" assertions="0" time="0.008" />
    <testcase name="Docker.postgres-ha.should have a repository" status="Passed" classname="/home/james/repos/db-lab/.pwsh/pester/repo.tests.ps1" assertions="0" time="0.004" />
    <testcase name="Docker.postgres-ha.should have a dbdb link" status="Passed" classname="/home/james/repos/db-lab/.pwsh/pester/repo.tests.ps1" assertions="0" time="0.006" />
    <testcase name="Docker.postgres-ha.should have a tests folder" status="Passed" classname="/home/james/repos/db-lab/.pwsh/pester/repo.tests.ps1" assertions="0" time="0.007" />
    <testcase name="Docker.postgres-ha.should have a go test" status="Passed" classname="/home/james/repos/db-lab/.pwsh/pester/repo.tests.ps1" assertions="0" time="0.006" />
    <testcase name="Docker.postgres-ha.should have a powershell test" status="Passed" classname="/home/james/repos/db-lab/.pwsh/pester/repo.tests.ps1" assertions="0" time="0.010" />
    <testcase name="Docker.postgres-ha.should have a python test" status="Passed" classname="/home/james/repos/db-lab/.pwsh/pester/repo.tests.ps1" assertions="0" time="0.006" />
    <testcase name="Docker.postgres-ha.should have a backup script" status="Passed" classname="/home/james/repos/db-lab/.pwsh/pester/repo.tests.ps1" assertions="0" time="0.009" />
    <testcase name="Docker.postgres-ha.should not have a sample script" status="Passed" classname="/home/james/repos/db-lab/.pwsh/pester/repo.tests.ps1" assertions="0" time="0.005" />
    <testcase name="Docker.postgres12.contains docker-compose.yml" status="Passed" classname="/home/james/repos/db-lab/.pwsh/pester/repo.tests.ps1" assertions="0" time="0.007" />
    <testcase name="Docker.postgres12.doesn't contain a dockerfile" status="Passed" classname="/home/james/repos/db-lab/.pwsh/pester/repo.tests.ps1" assertions="0" time="0.005" />
    <testcase name="Docker.postgres12.contains info.json" status="Passed" classname="/home/james/repos/db-lab/.pwsh/pester/repo.tests.ps1" assertions="0" time="0.009" />
    <testcase name="Docker.postgres12.should have a title" status="Passed" classname="/home/james/repos/db-lab/.pwsh/pester/repo.tests.ps1" assertions="0" time="0.004" />
    <testcase name="Docker.postgres12.should have a description" status="Passed" classname="/home/james/repos/db-lab/.pwsh/pester/repo.tests.ps1" assertions="0" time="0.005" />
    <testcase name="Docker.postgres12.should have a type" status="Passed" classname="/home/james/repos/db-lab/.pwsh/pester/repo.tests.ps1" assertions="0" time="0.007" />
    <testcase name="Docker.postgres12.should have a valid type" status="Passed" classname="/home/james/repos/db-lab/.pwsh/pester/repo.tests.ps1" assertions="0" time="0.004" />
    <testcase name="Docker.postgres12.should have a homepage" status="Passed" classname="/home/james/repos/db-lab/.pwsh/pester/repo.tests.ps1" assertions="0" time="0.007" />
    <testcase name="Docker.postgres12.should have a registry" status="Passed" classname="/home/james/repos/db-lab/.pwsh/pester/repo.tests.ps1" assertions="0" time="0.005" />
    <testcase name="Docker.postgres12.should have a repository" status="Passed" classname="/home/james/repos/db-lab/.pwsh/pester/repo.tests.ps1" assertions="0" time="0.005" />
    <testcase name="Docker.postgres12.should have a dbdb link" status="Passed" classname="/home/james/repos/db-lab/.pwsh/pester/repo.tests.ps1" assertions="0" time="0.010" />
    <testcase name="Docker.postgres12.should have a tests folder" status="Passed" classname="/home/james/repos/db-lab/.pwsh/pester/repo.tests.ps1" assertions="0" time="0.007" />
    <testcase name="Docker.postgres12.should have a go test" status="Passed" classname="/home/james/repos/db-lab/.pwsh/pester/repo.tests.ps1" assertions="0" time="0.011" />
    <testcase name="Docker.postgres12.should have a powershell test" status="Passed" classname="/home/james/repos/db-lab/.pwsh/pester/repo.tests.ps1" assertions="0" time="0.007" />
    <testcase name="Docker.postgres12.should have a python test" status="Passed" classname="/home/james/repos/db-lab/.pwsh/pester/repo.tests.ps1" assertions="0" time="0.008" />
    <testcase name="Docker.postgres12.should have a backup script" status="Passed" classname="/home/james/repos/db-lab/.pwsh/pester/repo.tests.ps1" assertions="0" time="0.006" />
    <testcase name="Docker.postgres12.should not have a sample script" status="Passed" classname="/home/james/repos/db-lab/.pwsh/pester/repo.tests.ps1" assertions="0" time="0.009" />
    <testcase name="Docker.postgres13.contains docker-compose.yml" status="Passed" classname="/home/james/repos/db-lab/.pwsh/pester/repo.tests.ps1" assertions="0" time="0.010" />
    <testcase name="Docker.postgres13.doesn't contain a dockerfile" status="Passed" classname="/home/james/repos/db-lab/.pwsh/pester/repo.tests.ps1" assertions="0" time="0.006" />
    <testcase name="Docker.postgres13.contains info.json" status="Passed" classname="/home/james/repos/db-lab/.pwsh/pester/repo.tests.ps1" assertions="0" time="0.009" />
    <testcase name="Docker.postgres13.should have a title" status="Passed" classname="/home/james/repos/db-lab/.pwsh/pester/repo.tests.ps1" assertions="0" time="0.007" />
    <testcase name="Docker.postgres13.should have a description" status="Passed" classname="/home/james/repos/db-lab/.pwsh/pester/repo.tests.ps1" assertions="0" time="0.006" />
    <testcase name="Docker.postgres13.should have a type" status="Passed" classname="/home/james/repos/db-lab/.pwsh/pester/repo.tests.ps1" assertions="0" time="0.009" />
    <testcase name="Docker.postgres13.should have a valid type" status="Passed" classname="/home/james/repos/db-lab/.pwsh/pester/repo.tests.ps1" assertions="0" time="0.007" />
    <testcase name="Docker.postgres13.should have a homepage" status="Passed" classname="/home/james/repos/db-lab/.pwsh/pester/repo.tests.ps1" assertions="0" time="0.008" />
    <testcase name="Docker.postgres13.should have a registry" status="Passed" classname="/home/james/repos/db-lab/.pwsh/pester/repo.tests.ps1" assertions="0" time="0.007" />
    <testcase name="Docker.postgres13.should have a repository" status="Passed" classname="/home/james/repos/db-lab/.pwsh/pester/repo.tests.ps1" assertions="0" time="0.007" />
    <testcase name="Docker.postgres13.should have a dbdb link" status="Passed" classname="/home/james/repos/db-lab/.pwsh/pester/repo.tests.ps1" assertions="0" time="0.011" />
    <testcase name="Docker.postgres13.should have a tests folder" status="Passed" classname="/home/james/repos/db-lab/.pwsh/pester/repo.tests.ps1" assertions="0" time="0.009" />
    <testcase name="Docker.postgres13.should have a go test" status="Passed" classname="/home/james/repos/db-lab/.pwsh/pester/repo.tests.ps1" assertions="0" time="0.011" />
    <testcase name="Docker.postgres13.should have a powershell test" status="Passed" classname="/home/james/repos/db-lab/.pwsh/pester/repo.tests.ps1" assertions="0" time="0.009" />
    <testcase name="Docker.postgres13.should have a python test" status="Passed" classname="/home/james/repos/db-lab/.pwsh/pester/repo.tests.ps1" assertions="0" time="0.009" />
    <testcase name="Docker.postgres13.should have a backup script" status="Passed" classname="/home/james/repos/db-lab/.pwsh/pester/repo.tests.ps1" assertions="0" time="0.009" />
    <testcase name="Docker.postgres13.should not have a sample script" status="Passed" classname="/home/james/repos/db-lab/.pwsh/pester/repo.tests.ps1" assertions="0" time="0.010" />
    <testcase name="Docker.postgres14.contains docker-compose.yml" status="Passed" classname="/home/james/repos/db-lab/.pwsh/pester/repo.tests.ps1" assertions="0" time="0.012" />
    <testcase name="Docker.postgres14.doesn't contain a dockerfile" status="Passed" classname="/home/james/repos/db-lab/.pwsh/pester/repo.tests.ps1" assertions="0" time="0.008" />
    <testcase name="Docker.postgres14.contains info.json" status="Passed" classname="/home/james/repos/db-lab/.pwsh/pester/repo.tests.ps1" assertions="0" time="0.007" />
    <testcase name="Docker.postgres14.should have a title" status="Passed" classname="/home/james/repos/db-lab/.pwsh/pester/repo.tests.ps1" assertions="0" time="0.007" />
    <testcase name="Docker.postgres14.should have a description" status="Passed" classname="/home/james/repos/db-lab/.pwsh/pester/repo.tests.ps1" assertions="0" time="0.010" />
    <testcase name="Docker.postgres14.should have a type" status="Passed" classname="/home/james/repos/db-lab/.pwsh/pester/repo.tests.ps1" assertions="0" time="0.005" />
    <testcase name="Docker.postgres14.should have a valid type" status="Passed" classname="/home/james/repos/db-lab/.pwsh/pester/repo.tests.ps1" assertions="0" time="0.005" />
    <testcase name="Docker.postgres14.should have a homepage" status="Passed" classname="/home/james/repos/db-lab/.pwsh/pester/repo.tests.ps1" assertions="0" time="0.007" />
    <testcase name="Docker.postgres14.should have a registry" status="Passed" classname="/home/james/repos/db-lab/.pwsh/pester/repo.tests.ps1" assertions="0" time="0.004" />
    <testcase name="Docker.postgres14.should have a repository" status="Passed" classname="/home/james/repos/db-lab/.pwsh/pester/repo.tests.ps1" assertions="0" time="0.006" />
    <testcase name="Docker.postgres14.should have a dbdb link" status="Passed" classname="/home/james/repos/db-lab/.pwsh/pester/repo.tests.ps1" assertions="0" time="0.005" />
    <testcase name="Docker.postgres14.should have a tests folder" status="Passed" classname="/home/james/repos/db-lab/.pwsh/pester/repo.tests.ps1" assertions="0" time="0.006" />
    <testcase name="Docker.postgres14.should have a go test" status="Passed" classname="/home/james/repos/db-lab/.pwsh/pester/repo.tests.ps1" assertions="0" time="0.006" />
    <testcase name="Docker.postgres14.should have a powershell test" status="Passed" classname="/home/james/repos/db-lab/.pwsh/pester/repo.tests.ps1" assertions="0" time="0.005" />
    <testcase name="Docker.postgres14.should have a python test" status="Passed" classname="/home/james/repos/db-lab/.pwsh/pester/repo.tests.ps1" assertions="0" time="0.007" />
    <testcase name="Docker.postgres14.should have a backup script" status="Passed" classname="/home/james/repos/db-lab/.pwsh/pester/repo.tests.ps1" assertions="0" time="0.006" />
    <testcase name="Docker.postgres14.should not have a sample script" status="Passed" classname="/home/james/repos/db-lab/.pwsh/pester/repo.tests.ps1" assertions="0" time="0.006" />
    <testcase name="Docker.postgres15.contains docker-compose.yml" status="Passed" classname="/home/james/repos/db-lab/.pwsh/pester/repo.tests.ps1" assertions="0" time="0.009" />
    <testcase name="Docker.postgres15.doesn't contain a dockerfile" status="Passed" classname="/home/james/repos/db-lab/.pwsh/pester/repo.tests.ps1" assertions="0" time="0.004" />
    <testcase name="Docker.postgres15.contains info.json" status="Passed" classname="/home/james/repos/db-lab/.pwsh/pester/repo.tests.ps1" assertions="0" time="0.005" />
    <testcase name="Docker.postgres15.should have a title" status="Passed" classname="/home/james/repos/db-lab/.pwsh/pester/repo.tests.ps1" assertions="0" time="0.004" />
    <testcase name="Docker.postgres15.should have a description" status="Passed" classname="/home/james/repos/db-lab/.pwsh/pester/repo.tests.ps1" assertions="0" time="0.005" />
    <testcase name="Docker.postgres15.should have a type" status="Passed" classname="/home/james/repos/db-lab/.pwsh/pester/repo.tests.ps1" assertions="0" time="0.008" />
    <testcase name="Docker.postgres15.should have a valid type" status="Passed" classname="/home/james/repos/db-lab/.pwsh/pester/repo.tests.ps1" assertions="0" time="0.005" />
    <testcase name="Docker.postgres15.should have a homepage" status="Passed" classname="/home/james/repos/db-lab/.pwsh/pester/repo.tests.ps1" assertions="0" time="0.005" />
    <testcase name="Docker.postgres15.should have a registry" status="Passed" classname="/home/james/repos/db-lab/.pwsh/pester/repo.tests.ps1" assertions="0" time="0.005" />
    <testcase name="Docker.postgres15.should have a repository" status="Passed" classname="/home/james/repos/db-lab/.pwsh/pester/repo.tests.ps1" assertions="0" time="0.007" />
    <testcase name="Docker.postgres15.should have a dbdb link" status="Passed" classname="/home/james/repos/db-lab/.pwsh/pester/repo.tests.ps1" assertions="0" time="0.005" />
    <testcase name="Docker.postgres15.should have a tests folder" status="Passed" classname="/home/james/repos/db-lab/.pwsh/pester/repo.tests.ps1" assertions="0" time="0.007" />
    <testcase name="Docker.postgres15.should have a go test" status="Passed" classname="/home/james/repos/db-lab/.pwsh/pester/repo.tests.ps1" assertions="0" time="0.008" />
    <testcase name="Docker.postgres15.should have a powershell test" status="Passed" classname="/home/james/repos/db-lab/.pwsh/pester/repo.tests.ps1" assertions="0" time="0.006" />
    <testcase name="Docker.postgres15.should have a python test" status="Passed" classname="/home/james/repos/db-lab/.pwsh/pester/repo.tests.ps1" assertions="0" time="0.008" />
    <testcase name="Docker.postgres15.should have a backup script" status="Passed" classname="/home/james/repos/db-lab/.pwsh/pester/repo.tests.ps1" assertions="0" time="0.008" />
    <testcase name="Docker.postgres15.should not have a sample script" status="Passed" classname="/home/james/repos/db-lab/.pwsh/pester/repo.tests.ps1" assertions="0" time="0.006" />
    <testcase name="Docker.postgres16.contains docker-compose.yml" status="Passed" classname="/home/james/repos/db-lab/.pwsh/pester/repo.tests.ps1" assertions="0" time="0.006" />
    <testcase name="Docker.postgres16.doesn't contain a dockerfile" status="Passed" classname="/home/james/repos/db-lab/.pwsh/pester/repo.tests.ps1" assertions="0" time="0.007" />
    <testcase name="Docker.postgres16.contains info.json" status="Passed" classname="/home/james/repos/db-lab/.pwsh/pester/repo.tests.ps1" assertions="0" time="0.006" />
    <testcase name="Docker.postgres16.should have a title" status="Passed" classname="/home/james/repos/db-lab/.pwsh/pester/repo.tests.ps1" assertions="0" time="0.005" />
    <testcase name="Docker.postgres16.should have a description" status="Passed" classname="/home/james/repos/db-lab/.pwsh/pester/repo.tests.ps1" assertions="0" time="0.005" />
    <testcase name="Docker.postgres16.should have a type" status="Passed" classname="/home/james/repos/db-lab/.pwsh/pester/repo.tests.ps1" assertions="0" time="0.006" />
    <testcase name="Docker.postgres16.should have a valid type" status="Passed" classname="/home/james/repos/db-lab/.pwsh/pester/repo.tests.ps1" assertions="0" time="0.008" />
    <testcase name="Docker.postgres16.should have a homepage" status="Passed" classname="/home/james/repos/db-lab/.pwsh/pester/repo.tests.ps1" assertions="0" time="0.008" />
    <testcase name="Docker.postgres16.should have a registry" status="Passed" classname="/home/james/repos/db-lab/.pwsh/pester/repo.tests.ps1" assertions="0" time="0.008" />
    <testcase name="Docker.postgres16.should have a repository" status="Passed" classname="/home/james/repos/db-lab/.pwsh/pester/repo.tests.ps1" assertions="0" time="0.007" />
    <testcase name="Docker.postgres16.should have a dbdb link" status="Passed" classname="/home/james/repos/db-lab/.pwsh/pester/repo.tests.ps1" assertions="0" time="0.006" />
    <testcase name="Docker.postgres16.should have a tests folder" status="Passed" classname="/home/james/repos/db-lab/.pwsh/pester/repo.tests.ps1" assertions="0" time="0.009" />
    <testcase name="Docker.postgres16.should have a go test" status="Passed" classname="/home/james/repos/db-lab/.pwsh/pester/repo.tests.ps1" assertions="0" time="0.007" />
    <testcase name="Docker.postgres16.should have a powershell test" status="Passed" classname="/home/james/repos/db-lab/.pwsh/pester/repo.tests.ps1" assertions="0" time="0.009" />
    <testcase name="Docker.postgres16.should have a python test" status="Passed" classname="/home/james/repos/db-lab/.pwsh/pester/repo.tests.ps1" assertions="0" time="0.007" />
    <testcase name="Docker.postgres16.should have a backup script" status="Passed" classname="/home/james/repos/db-lab/.pwsh/pester/repo.tests.ps1" assertions="0" time="0.009" />
    <testcase name="Docker.postgres16.should not have a sample script" status="Passed" classname="/home/james/repos/db-lab/.pwsh/pester/repo.tests.ps1" assertions="0" time="0.007" />
    <testcase name="Docker.postgres17.contains docker-compose.yml" status="Passed" classname="/home/james/repos/db-lab/.pwsh/pester/repo.tests.ps1" assertions="0" time="0.008" />
    <testcase name="Docker.postgres17.doesn't contain a dockerfile" status="Passed" classname="/home/james/repos/db-lab/.pwsh/pester/repo.tests.ps1" assertions="0" time="0.007" />
    <testcase name="Docker.postgres17.contains info.json" status="Passed" classname="/home/james/repos/db-lab/.pwsh/pester/repo.tests.ps1" assertions="0" time="0.009" />
    <testcase name="Docker.postgres17.should have a title" status="Passed" classname="/home/james/repos/db-lab/.pwsh/pester/repo.tests.ps1" assertions="0" time="0.007" />
    <testcase name="Docker.postgres17.should have a description" status="Passed" classname="/home/james/repos/db-lab/.pwsh/pester/repo.tests.ps1" assertions="0" time="0.006" />
    <testcase name="Docker.postgres17.should have a type" status="Passed" classname="/home/james/repos/db-lab/.pwsh/pester/repo.tests.ps1" assertions="0" time="0.009" />
    <testcase name="Docker.postgres17.should have a valid type" status="Passed" classname="/home/james/repos/db-lab/.pwsh/pester/repo.tests.ps1" assertions="0" time="0.006" />
    <testcase name="Docker.postgres17.should have a homepage" status="Passed" classname="/home/james/repos/db-lab/.pwsh/pester/repo.tests.ps1" assertions="0" time="0.007" />
    <testcase name="Docker.postgres17.should have a registry" status="Passed" classname="/home/james/repos/db-lab/.pwsh/pester/repo.tests.ps1" assertions="0" time="0.004" />
    <testcase name="Docker.postgres17.should have a repository" status="Passed" classname="/home/james/repos/db-lab/.pwsh/pester/repo.tests.ps1" assertions="0" time="0.004" />
    <testcase name="Docker.postgres17.should have a dbdb link" status="Passed" classname="/home/james/repos/db-lab/.pwsh/pester/repo.tests.ps1" assertions="0" time="0.006" />
    <testcase name="Docker.postgres17.should have a tests folder" status="Passed" classname="/home/james/repos/db-lab/.pwsh/pester/repo.tests.ps1" assertions="0" time="0.005" />
    <testcase name="Docker.postgres17.should have a go test" status="Passed" classname="/home/james/repos/db-lab/.pwsh/pester/repo.tests.ps1" assertions="0" time="0.007" />
    <testcase name="Docker.postgres17.should have a powershell test" status="Passed" classname="/home/james/repos/db-lab/.pwsh/pester/repo.tests.ps1" assertions="0" time="0.005" />
    <testcase name="Docker.postgres17.should have a python test" status="Passed" classname="/home/james/repos/db-lab/.pwsh/pester/repo.tests.ps1" assertions="0" time="0.006" />
    <testcase name="Docker.postgres17.should have a backup script" status="Passed" classname="/home/james/repos/db-lab/.pwsh/pester/repo.tests.ps1" assertions="0" time="0.006" />
    <testcase name="Docker.postgres17.should not have a sample script" status="Passed" classname="/home/james/repos/db-lab/.pwsh/pester/repo.tests.ps1" assertions="0" time="0.004" />
    <testcase name="Docker.postgres18.contains docker-compose.yml" status="Passed" classname="/home/james/repos/db-lab/.pwsh/pester/repo.tests.ps1" assertions="0" time="0.005" />
    <testcase name="Docker.postgres18.doesn't contain a dockerfile" status="Passed" classname="/home/james/repos/db-lab/.pwsh/pester/repo.tests.ps1" assertions="0" time="0.007" />
    <testcase name="Docker.postgres18.contains info.json" status="Passed" classname="/home/james/repos/db-lab/.pwsh/pester/repo.tests.ps1" assertions="0" time="0.004" />
    <testcase name="Docker.postgres18.should have a title" status="Passed" classname="/home/james/repos/db-lab/.pwsh/pester/repo.tests.ps1" assertions="0" time="0.005" />
    <testcase name="Docker.postgres18.should have a description" status="Passed" classname="/home/james/repos/db-lab/.pwsh/pester/repo.tests.ps1" assertions="0" time="0.006" />
    <testcase name="Docker.postgres18.should have a type" status="Passed" classname="/home/james/repos/db-lab/.pwsh/pester/repo.tests.ps1" assertions="0" time="0.005" />
    <testcase name="Docker.postgres18.should have a valid type" status="Passed" classname="/home/james/repos/db-lab/.pwsh/pester/repo.tests.ps1" assertions="0" time="0.006" />
    <testcase name="Docker.postgres18.should have a homepage" status="Passed" classname="/home/james/repos/db-lab/.pwsh/pester/repo.tests.ps1" assertions="0" time="0.005" />
    <testcase name="Docker.postgres18.should have a registry" status="Passed" classname="/home/james/repos/db-lab/.pwsh/pester/repo.tests.ps1" assertions="0" time="0.005" />
    <testcase name="Docker.postgres18.should have a repository" status="Passed" classname="/home/james/repos/db-lab/.pwsh/pester/repo.tests.ps1" assertions="0" time="0.007" />
    <testcase name="Docker.postgres18.should have a dbdb link" status="Passed" classname="/home/james/repos/db-lab/.pwsh/pester/repo.tests.ps1" assertions="0" time="0.005" />
    <testcase name="Docker.postgres18.should have a tests folder" status="Passed" classname="/home/james/repos/db-lab/.pwsh/pester/repo.tests.ps1" assertions="0" time="0.008" />
    <testcase name="Docker.postgres18.should have a go test" status="Passed" classname="/home/james/repos/db-lab/.pwsh/pester/repo.tests.ps1" assertions="0" time="0.007" />
    <testcase name="Docker.postgres18.should have a powershell test" status="Passed" classname="/home/james/repos/db-lab/.pwsh/pester/repo.tests.ps1" assertions="0" time="0.005" />
    <testcase name="Docker.postgres18.should have a python test" status="Passed" classname="/home/james/repos/db-lab/.pwsh/pester/repo.tests.ps1" assertions="0" time="0.005" />
    <testcase name="Docker.postgres18.should have a backup script" status="Passed" classname="/home/james/repos/db-lab/.pwsh/pester/repo.tests.ps1" assertions="0" time="0.007" />
    <testcase name="Docker.postgres18.should not have a sample script" status="Passed" classname="/home/james/repos/db-lab/.pwsh/pester/repo.tests.ps1" assertions="0" time="0.005" />
    <testcase name="Docker.puppygraph.contains docker-compose.yml" status="Passed" classname="/home/james/repos/db-lab/.pwsh/pester/repo.tests.ps1" assertions="0" time="0.006" />
    <testcase name="Docker.puppygraph.doesn't contain a dockerfile" status="Passed" classname="/home/james/repos/db-lab/.pwsh/pester/repo.tests.ps1" assertions="0" time="0.010" />
    <testcase name="Docker.puppygraph.contains info.json" status="Passed" classname="/home/james/repos/db-lab/.pwsh/pester/repo.tests.ps1" assertions="0" time="0.005" />
    <testcase name="Docker.puppygraph.should have a title" status="Passed" classname="/home/james/repos/db-lab/.pwsh/pester/repo.tests.ps1" assertions="0" time="0.006" />
    <testcase name="Docker.puppygraph.should have a description" status="Passed" classname="/home/james/repos/db-lab/.pwsh/pester/repo.tests.ps1" assertions="0" time="0.005" />
    <testcase name="Docker.puppygraph.should have a type" status="Passed" classname="/home/james/repos/db-lab/.pwsh/pester/repo.tests.ps1" assertions="0" time="0.005" />
    <testcase name="Docker.puppygraph.should have a valid type" status="Passed" classname="/home/james/repos/db-lab/.pwsh/pester/repo.tests.ps1" assertions="0" time="0.006" />
    <testcase name="Docker.puppygraph.should have a homepage" status="Passed" classname="/home/james/repos/db-lab/.pwsh/pester/repo.tests.ps1" assertions="0" time="0.006" />
    <testcase name="Docker.puppygraph.should have a registry" status="Passed" classname="/home/james/repos/db-lab/.pwsh/pester/repo.tests.ps1" assertions="0" time="0.008" />
    <testcase name="Docker.puppygraph.should have a repository" status="Passed" classname="/home/james/repos/db-lab/.pwsh/pester/repo.tests.ps1" assertions="0" time="0.005" />
    <testcase name="Docker.puppygraph.should have a dbdb link" status="Failed" classname="/home/james/repos/db-lab/.pwsh/pester/repo.tests.ps1" assertions="0" time="0.042">
      <failure message="Expected a value, but got $null or empty.">at $info.links.dbdb | Should -Not -BeNullOrEmpty, /home/james/repos/db-lab/.pwsh/pester/repo.tests.ps1:75
at &lt;ScriptBlock&gt;, /home/james/repos/db-lab/.pwsh/pester/repo.tests.ps1:75</failure>
    </testcase>
    <testcase name="Docker.puppygraph.should have a tests folder" status="Failed" classname="/home/james/repos/db-lab/.pwsh/pester/repo.tests.ps1" assertions="0" time="0.011">
      <failure message="Expected path 'tests' to exist, but it did not exist.">at "tests" | Should -Exist, /home/james/repos/db-lab/.pwsh/pester/repo.tests.ps1:81
at &lt;ScriptBlock&gt;, /home/james/repos/db-lab/.pwsh/pester/repo.tests.ps1:81</failure>
    </testcase>
    <testcase name="Docker.puppygraph.should have a go test" status="Failed" classname="/home/james/repos/db-lab/.pwsh/pester/repo.tests.ps1" assertions="0" time="0.011">
      <failure message="Expected path 'tests/go' to exist, but it did not exist.">at "tests/go" | Should -Exist, /home/james/repos/db-lab/.pwsh/pester/repo.tests.ps1:87
at &lt;ScriptBlock&gt;, /home/james/repos/db-lab/.pwsh/pester/repo.tests.ps1:87</failure>
    </testcase>
    <testcase name="Docker.puppygraph.should have a powershell test" status="Failed" classname="/home/james/repos/db-lab/.pwsh/pester/repo.tests.ps1" assertions="0" time="0.011">
      <failure message="Expected path 'tests/powershell' to exist, but it did not exist.">at "tests/powershell" | Should -Exist, /home/james/repos/db-lab/.pwsh/pester/repo.tests.ps1:93
at &lt;ScriptBlock&gt;, /home/james/repos/db-lab/.pwsh/pester/repo.tests.ps1:93</failure>
    </testcase>
    <testcase name="Docker.puppygraph.should have a python test" status="Failed" classname="/home/james/repos/db-lab/.pwsh/pester/repo.tests.ps1" assertions="0" time="0.016">
      <failure message="Expected path 'tests/python' to exist, but it did not exist.">at "tests/python" | Should -Exist, /home/james/repos/db-lab/.pwsh/pester/repo.tests.ps1:99
at &lt;ScriptBlock&gt;, /home/james/repos/db-lab/.pwsh/pester/repo.tests.ps1:99</failure>
    </testcase>
    <testcase name="Docker.puppygraph.should have a backup script" status="Failed" classname="/home/james/repos/db-lab/.pwsh/pester/repo.tests.ps1" assertions="0" time="0.016">
      <failure message="Expected path 'backup.sh' to exist, but it did not exist.">at "backup.sh" | Should -Exist, /home/james/repos/db-lab/.pwsh/pester/repo.tests.ps1:105
at &lt;ScriptBlock&gt;, /home/james/repos/db-lab/.pwsh/pester/repo.tests.ps1:105</failure>
    </testcase>
    <testcase name="Docker.puppygraph.should not have a sample script" status="Passed" classname="/home/james/repos/db-lab/.pwsh/pester/repo.tests.ps1" assertions="0" time="0.011" />
    <testcase name="Docker.ssms.contains docker-compose.yml" status="Passed" classname="/home/james/repos/db-lab/.pwsh/pester/repo.tests.ps1" assertions="0" time="0.010" />
    <testcase name="Docker.ssms.doesn't contain a dockerfile" status="Passed" classname="/home/james/repos/db-lab/.pwsh/pester/repo.tests.ps1" assertions="0" time="0.004" />
    <testcase name="Docker.ssms.contains info.json" status="Passed" classname="/home/james/repos/db-lab/.pwsh/pester/repo.tests.ps1" assertions="0" time="0.005" />
    <testcase name="Docker.ssms.should have a title" status="Passed" classname="/home/james/repos/db-lab/.pwsh/pester/repo.tests.ps1" assertions="0" time="0.006" />
    <testcase name="Docker.ssms.should have a description" status="Passed" classname="/home/james/repos/db-lab/.pwsh/pester/repo.tests.ps1" assertions="0" time="0.004" />
    <testcase name="Docker.ssms.should have a type" status="Passed" classname="/home/james/repos/db-lab/.pwsh/pester/repo.tests.ps1" assertions="0" time="0.004" />
    <testcase name="Docker.ssms.should have a valid type" status="Passed" classname="/home/james/repos/db-lab/.pwsh/pester/repo.tests.ps1" assertions="0" time="0.005" />
    <testcase name="Docker.ssms.should have a homepage" status="Passed" classname="/home/james/repos/db-lab/.pwsh/pester/repo.tests.ps1" assertions="0" time="0.006" />
    <testcase name="Docker.ssms.should have a registry" status="Passed" classname="/home/james/repos/db-lab/.pwsh/pester/repo.tests.ps1" assertions="0" time="0.004" />
    <testcase name="Docker.ssms.should have a repository" status="Passed" classname="/home/james/repos/db-lab/.pwsh/pester/repo.tests.ps1" assertions="0" time="0.004" />
    <testcase name="Docker.ssms.should have a dbdb link" status="Passed" classname="/home/james/repos/db-lab/.pwsh/pester/repo.tests.ps1" assertions="0" time="0.003" />
    <testcase name="Docker.ssms.should have a tests folder" status="Passed" classname="/home/james/repos/db-lab/.pwsh/pester/repo.tests.ps1" assertions="0" time="0.003" />
    <testcase name="Docker.ssms.should have a go test" status="Passed" classname="/home/james/repos/db-lab/.pwsh/pester/repo.tests.ps1" assertions="0" time="0.003" />
    <testcase name="Docker.ssms.should have a powershell test" status="Passed" classname="/home/james/repos/db-lab/.pwsh/pester/repo.tests.ps1" assertions="0" time="0.005" />
    <testcase name="Docker.ssms.should have a python test" status="Passed" classname="/home/james/repos/db-lab/.pwsh/pester/repo.tests.ps1" assertions="0" time="0.003" />
    <testcase name="Docker.ssms.should have a backup script" status="Passed" classname="/home/james/repos/db-lab/.pwsh/pester/repo.tests.ps1" assertions="0" time="0.003" />
    <testcase name="Docker.ssms.should not have a sample script" status="Passed" classname="/home/james/repos/db-lab/.pwsh/pester/repo.tests.ps1" assertions="0" time="0.006" />
    <testcase name="Docker.traefik.contains docker-compose.yml" status="Passed" classname="/home/james/repos/db-lab/.pwsh/pester/repo.tests.ps1" assertions="0" time="0.007" />
    <testcase name="Docker.traefik.doesn't contain a dockerfile" status="Passed" classname="/home/james/repos/db-lab/.pwsh/pester/repo.tests.ps1" assertions="0" time="0.004" />
    <testcase name="Docker.traefik.contains info.json" status="Passed" classname="/home/james/repos/db-lab/.pwsh/pester/repo.tests.ps1" assertions="0" time="0.005" />
    <testcase name="Docker.traefik.should have a title" status="Passed" classname="/home/james/repos/db-lab/.pwsh/pester/repo.tests.ps1" assertions="0" time="0.004" />
    <testcase name="Docker.traefik.should have a description" status="Passed" classname="/home/james/repos/db-lab/.pwsh/pester/repo.tests.ps1" assertions="0" time="0.006" />
    <testcase name="Docker.traefik.should have a type" status="Passed" classname="/home/james/repos/db-lab/.pwsh/pester/repo.tests.ps1" assertions="0" time="0.004" />
    <testcase name="Docker.traefik.should have a valid type" status="Passed" classname="/home/james/repos/db-lab/.pwsh/pester/repo.tests.ps1" assertions="0" time="0.004" />
    <testcase name="Docker.traefik.should have a homepage" status="Passed" classname="/home/james/repos/db-lab/.pwsh/pester/repo.tests.ps1" assertions="0" time="0.007" />
    <testcase name="Docker.traefik.should have a registry" status="Passed" classname="/home/james/repos/db-lab/.pwsh/pester/repo.tests.ps1" assertions="0" time="0.004" />
    <testcase name="Docker.traefik.should have a repository" status="Passed" classname="/home/james/repos/db-lab/.pwsh/pester/repo.tests.ps1" assertions="0" time="0.006" />
    <testcase name="Docker.traefik.should have a dbdb link" status="Passed" classname="/home/james/repos/db-lab/.pwsh/pester/repo.tests.ps1" assertions="0" time="0.003" />
    <testcase name="Docker.traefik.should have a tests folder" status="Passed" classname="/home/james/repos/db-lab/.pwsh/pester/repo.tests.ps1" assertions="0" time="0.003" />
    <testcase name="Docker.traefik.should have a go test" status="Passed" classname="/home/james/repos/db-lab/.pwsh/pester/repo.tests.ps1" assertions="0" time="0.007" />
    <testcase name="Docker.traefik.should have a powershell test" status="Passed" classname="/home/james/repos/db-lab/.pwsh/pester/repo.tests.ps1" assertions="0" time="0.005" />
    <testcase name="Docker.traefik.should have a python test" status="Passed" classname="/home/james/repos/db-lab/.pwsh/pester/repo.tests.ps1" assertions="0" time="0.005" />
    <testcase name="Docker.traefik.should have a backup script" status="Passed" classname="/home/james/repos/db-lab/.pwsh/pester/repo.tests.ps1" assertions="0" time="0.004" />
    <testcase name="Docker.traefik.should not have a sample script" status="Passed" classname="/home/james/repos/db-lab/.pwsh/pester/repo.tests.ps1" assertions="0" time="0.010" />
    <testcase name="Docker.whodb.contains docker-compose.yml" status="Passed" classname="/home/james/repos/db-lab/.pwsh/pester/repo.tests.ps1" assertions="0" time="0.007" />
    <testcase name="Docker.whodb.doesn't contain a dockerfile" status="Passed" classname="/home/james/repos/db-lab/.pwsh/pester/repo.tests.ps1" assertions="0" time="0.004" />
    <testcase name="Docker.whodb.contains info.json" status="Passed" classname="/home/james/repos/db-lab/.pwsh/pester/repo.tests.ps1" assertions="0" time="0.006" />
    <testcase name="Docker.whodb.should have a title" status="Passed" classname="/home/james/repos/db-lab/.pwsh/pester/repo.tests.ps1" assertions="0" time="0.006" />
    <testcase name="Docker.whodb.should have a description" status="Passed" classname="/home/james/repos/db-lab/.pwsh/pester/repo.tests.ps1" assertions="0" time="0.005" />
    <testcase name="Docker.whodb.should have a type" status="Passed" classname="/home/james/repos/db-lab/.pwsh/pester/repo.tests.ps1" assertions="0" time="0.008" />
    <testcase name="Docker.whodb.should have a valid type" status="Passed" classname="/home/james/repos/db-lab/.pwsh/pester/repo.tests.ps1" assertions="0" time="0.004" />
    <testcase name="Docker.whodb.should have a homepage" status="Passed" classname="/home/james/repos/db-lab/.pwsh/pester/repo.tests.ps1" assertions="0" time="0.006" />
    <testcase name="Docker.whodb.should have a registry" status="Passed" classname="/home/james/repos/db-lab/.pwsh/pester/repo.tests.ps1" assertions="0" time="0.006" />
    <testcase name="Docker.whodb.should have a repository" status="Passed" classname="/home/james/repos/db-lab/.pwsh/pester/repo.tests.ps1" assertions="0" time="0.004" />
    <testcase name="Docker.whodb.should have a dbdb link" status="Passed" classname="/home/james/repos/db-lab/.pwsh/pester/repo.tests.ps1" assertions="0" time="0.005" />
    <testcase name="Docker.whodb.should have a tests folder" status="Passed" classname="/home/james/repos/db-lab/.pwsh/pester/repo.tests.ps1" assertions="0" time="0.002" />
    <testcase name="Docker.whodb.should have a go test" status="Passed" classname="/home/james/repos/db-lab/.pwsh/pester/repo.tests.ps1" assertions="0" time="0.003" />
    <testcase name="Docker.whodb.should have a powershell test" status="Passed" classname="/home/james/repos/db-lab/.pwsh/pester/repo.tests.ps1" assertions="0" time="0.005" />
    <testcase name="Docker.whodb.should have a python test" status="Passed" classname="/home/james/repos/db-lab/.pwsh/pester/repo.tests.ps1" assertions="0" time="0.003" />
    <testcase name="Docker.whodb.should have a backup script" status="Passed" classname="/home/james/repos/db-lab/.pwsh/pester/repo.tests.ps1" assertions="0" time="0.003" />
    <testcase name="Docker.whodb.should not have a sample script" status="Passed" classname="/home/james/repos/db-lab/.pwsh/pester/repo.tests.ps1" assertions="0" time="0.007" />
    <testcase name="Docker.wud.contains docker-compose.yml" status="Passed" classname="/home/james/repos/db-lab/.pwsh/pester/repo.tests.ps1" assertions="0" time="0.004" />
    <testcase name="Docker.wud.doesn't contain a dockerfile" status="Passed" classname="/home/james/repos/db-lab/.pwsh/pester/repo.tests.ps1" assertions="0" time="0.004" />
    <testcase name="Docker.wud.contains info.json" status="Passed" classname="/home/james/repos/db-lab/.pwsh/pester/repo.tests.ps1" assertions="0" time="0.007" />
    <testcase name="Docker.wud.should have a title" status="Passed" classname="/home/james/repos/db-lab/.pwsh/pester/repo.tests.ps1" assertions="0" time="0.004" />
    <testcase name="Docker.wud.should have a description" status="Passed" classname="/home/james/repos/db-lab/.pwsh/pester/repo.tests.ps1" assertions="0" time="0.003" />
    <testcase name="Docker.wud.should have a type" status="Passed" classname="/home/james/repos/db-lab/.pwsh/pester/repo.tests.ps1" assertions="0" time="0.006" />
    <testcase name="Docker.wud.should have a valid type" status="Passed" classname="/home/james/repos/db-lab/.pwsh/pester/repo.tests.ps1" assertions="0" time="0.003" />
    <testcase name="Docker.wud.should have a homepage" status="Passed" classname="/home/james/repos/db-lab/.pwsh/pester/repo.tests.ps1" assertions="0" time="0.005" />
    <testcase name="Docker.wud.should have a registry" status="Passed" classname="/home/james/repos/db-lab/.pwsh/pester/repo.tests.ps1" assertions="0" time="0.003" />
    <testcase name="Docker.wud.should have a repository" status="Passed" classname="/home/james/repos/db-lab/.pwsh/pester/repo.tests.ps1" assertions="0" time="0.004" />
    <testcase name="Docker.wud.should have a dbdb link" status="Passed" classname="/home/james/repos/db-lab/.pwsh/pester/repo.tests.ps1" assertions="0" time="0.004" />
    <testcase name="Docker.wud.should have a tests folder" status="Passed" classname="/home/james/repos/db-lab/.pwsh/pester/repo.tests.ps1" assertions="0" time="0.003" />
    <testcase name="Docker.wud.should have a go test" status="Passed" classname="/home/james/repos/db-lab/.pwsh/pester/repo.tests.ps1" assertions="0" time="0.002" />
    <testcase name="Docker.wud.should have a powershell test" status="Passed" classname="/home/james/repos/db-lab/.pwsh/pester/repo.tests.ps1" assertions="0" time="0.004" />
    <testcase name="Docker.wud.should have a python test" status="Passed" classname="/home/james/repos/db-lab/.pwsh/pester/repo.tests.ps1" assertions="0" time="0.003" />
    <testcase name="Docker.wud.should have a backup script" status="Passed" classname="/home/james/repos/db-lab/.pwsh/pester/repo.tests.ps1" assertions="0" time="0.002" />
    <testcase name="Docker.wud.should not have a sample script" status="Passed" classname="/home/james/repos/db-lab/.pwsh/pester/repo.tests.ps1" assertions="0" time="0.006" />
  </testsuite>
</testsuites>